Defaulting to user installation because normal site-packages is not writeable
Requirement already satisfied: pip in /home/thcl/.local/lib/python3.8/site-packages (23.1.1)
Defaulting to user installation because normal site-packages is not writeable
Requirement already satisfied: conda in /home/thcl/.local/lib/python3.8/site-packages (4.3.16)
Requirement already satisfied: pycosat>=0.6.1 in /home/thcl/.local/lib/python3.8/site-packages (from conda) (0.6.3)
Requirement already satisfied: requests>=2.12.4 in /opt/itu/easybuild/software/Python/3.8.6-GCCcore-10.2.0/lib/python3.8/site-packages (from conda) (2.24.0)
Requirement already satisfied: ruamel.yaml>=0.11.14 in /home/thcl/.local/lib/python3.8/site-packages (from conda) (0.17.21)
Requirement already satisfied: chardet<4,>=3.0.2 in /opt/itu/easybuild/software/Python/3.8.6-GCCcore-10.2.0/lib/python3.8/site-packages (from requests>=2.12.4->conda) (3.0.4)
Requirement already satisfied: idna<3,>=2.5 in /opt/itu/easybuild/software/Python/3.8.6-GCCcore-10.2.0/lib/python3.8/site-packages (from requests>=2.12.4->conda) (2.10)
Requirement already satisfied: urllib3!=1.25.0,!=1.25.1,<1.26,>=1.21.1 in /opt/itu/easybuild/software/Python/3.8.6-GCCcore-10.2.0/lib/python3.8/site-packages (from requests>=2.12.4->conda) (1.25.10)
Requirement already satisfied: certifi>=2017.4.17 in /opt/itu/easybuild/software/Python/3.8.6-GCCcore-10.2.0/lib/python3.8/site-packages (from requests>=2.12.4->conda) (2020.6.20)
Requirement already satisfied: ruamel.yaml.clib>=0.2.6 in /home/thcl/.local/lib/python3.8/site-packages (from ruamel.yaml>=0.11.14->conda) (0.2.7)
ERROR: The install method you used for conda--probably either `pip install conda`
or `easy_install conda`--is not compatible with using conda as an application.
If your intention is to install conda as a standalone application, currently
supported install methods include the Anaconda installer and the miniconda
installer.  You can download the miniconda installer from
https://conda.io/miniconda.html.

ERROR: The install method you used for conda--probably either `pip install conda`
or `easy_install conda`--is not compatible with using conda as an application.
If your intention is to install conda as a standalone application, currently
supported install methods include the Anaconda installer and the miniconda
installer.  You can download the miniconda installer from
https://conda.io/miniconda.html.



Installing package keras==2.10.0

Defaulting to user installation because normal site-packages is not writeable
Collecting keras==2.10.0
  Using cached keras-2.10.0-py2.py3-none-any.whl (1.7 MB)
Installing collected packages: keras
Successfully installed keras-2.10.0


Installing package tensorflow==2.10.0

Defaulting to user installation because normal site-packages is not writeable
Collecting tensorflow==2.10.0
  Using cached tensorflow-2.10.0-cp38-cp38-manylinux_2_17_x86_64.manylinux2014_x86_64.whl (578.1 MB)
Collecting absl-py>=1.0.0 (from tensorflow==2.10.0)
  Using cached absl_py-1.4.0-py3-none-any.whl (126 kB)
Collecting astunparse>=1.6.0 (from tensorflow==2.10.0)
  Using cached astunparse-1.6.3-py2.py3-none-any.whl (12 kB)
Collecting flatbuffers>=2.0 (from tensorflow==2.10.0)
  Using cached flatbuffers-23.3.3-py2.py3-none-any.whl (26 kB)
Collecting gast<=0.4.0,>=0.2.1 (from tensorflow==2.10.0)
  Using cached gast-0.4.0-py3-none-any.whl (9.8 kB)
Collecting google-pasta>=0.1.1 (from tensorflow==2.10.0)
  Using cached google_pasta-0.2.0-py3-none-any.whl (57 kB)
Collecting grpcio<2.0,>=1.24.3 (from tensorflow==2.10.0)
  Using cached grpcio-1.54.0-cp38-cp38-manylinux_2_17_x86_64.manylinux2014_x86_64.whl (5.1 MB)
Collecting h5py>=2.9.0 (from tensorflow==2.10.0)
  Using cached h5py-3.8.0-cp38-cp38-manylinux_2_17_x86_64.manylinux2014_x86_64.whl (4.7 MB)
Requirement already satisfied: keras<2.11,>=2.10.0 in /home/thcl/.local/lib/python3.8/site-packages (from tensorflow==2.10.0) (2.10.0)
Collecting keras-preprocessing>=1.1.1 (from tensorflow==2.10.0)
  Using cached Keras_Preprocessing-1.1.2-py2.py3-none-any.whl (42 kB)
Collecting libclang>=13.0.0 (from tensorflow==2.10.0)
  Using cached libclang-16.0.0-py2.py3-none-manylinux2010_x86_64.whl (22.9 MB)
Collecting numpy>=1.20 (from tensorflow==2.10.0)
  Using cached numpy-1.24.3-cp38-cp38-manylinux_2_17_x86_64.manylinux2014_x86_64.whl (17.3 MB)
Collecting opt-einsum>=2.3.2 (from tensorflow==2.10.0)
  Using cached opt_einsum-3.3.0-py3-none-any.whl (65 kB)
Requirement already satisfied: packaging in /opt/itu/easybuild/software/Python/3.8.6-GCCcore-10.2.0/lib/python3.8/site-packages (from tensorflow==2.10.0) (20.4)
Collecting protobuf<3.20,>=3.9.2 (from tensorflow==2.10.0)
  Using cached protobuf-3.19.6-cp38-cp38-manylinux_2_17_x86_64.manylinux2014_x86_64.whl (1.1 MB)
Requirement already satisfied: setuptools in /opt/itu/easybuild/software/Python/3.8.6-GCCcore-10.2.0/lib/python3.8/site-packages (from tensorflow==2.10.0) (50.3.0)
Requirement already satisfied: six>=1.12.0 in /opt/itu/easybuild/software/Python/3.8.6-GCCcore-10.2.0/lib/python3.8/site-packages (from tensorflow==2.10.0) (1.15.0)
Collecting tensorboard<2.11,>=2.10 (from tensorflow==2.10.0)
  Using cached tensorboard-2.10.1-py3-none-any.whl (5.9 MB)
Collecting tensorflow-io-gcs-filesystem>=0.23.1 (from tensorflow==2.10.0)
  Using cached tensorflow_io_gcs_filesystem-0.32.0-cp38-cp38-manylinux_2_12_x86_64.manylinux2010_x86_64.whl (2.4 MB)
Collecting tensorflow-estimator<2.11,>=2.10.0 (from tensorflow==2.10.0)
  Using cached tensorflow_estimator-2.10.0-py2.py3-none-any.whl (438 kB)
Collecting termcolor>=1.1.0 (from tensorflow==2.10.0)
  Using cached termcolor-2.2.0-py3-none-any.whl (6.6 kB)
Collecting typing-extensions>=3.6.6 (from tensorflow==2.10.0)
  Using cached typing_extensions-4.5.0-py3-none-any.whl (27 kB)
Collecting wrapt>=1.11.0 (from tensorflow==2.10.0)
  Using cached wrapt-1.15.0-cp38-cp38-manylinux_2_5_x86_64.manylinux1_x86_64.manylinux_2_17_x86_64.manylinux2014_x86_64.whl (81 kB)
Requirement already satisfied: wheel<1.0,>=0.23.0 in /opt/itu/easybuild/software/Python/3.8.6-GCCcore-10.2.0/lib/python3.8/site-packages (from astunparse>=1.6.0->tensorflow==2.10.0) (0.35.1)
Collecting google-auth<3,>=1.6.3 (from tensorboard<2.11,>=2.10->tensorflow==2.10.0)
  Using cached google_auth-2.17.3-py2.py3-none-any.whl (178 kB)
Collecting google-auth-oauthlib<0.5,>=0.4.1 (from tensorboard<2.11,>=2.10->tensorflow==2.10.0)
  Using cached google_auth_oauthlib-0.4.6-py2.py3-none-any.whl (18 kB)
Collecting markdown>=2.6.8 (from tensorboard<2.11,>=2.10->tensorflow==2.10.0)
  Using cached Markdown-3.4.3-py3-none-any.whl (93 kB)
Requirement already satisfied: requests<3,>=2.21.0 in /opt/itu/easybuild/software/Python/3.8.6-GCCcore-10.2.0/lib/python3.8/site-packages (from tensorboard<2.11,>=2.10->tensorflow==2.10.0) (2.24.0)
Collecting tensorboard-data-server<0.7.0,>=0.6.0 (from tensorboard<2.11,>=2.10->tensorflow==2.10.0)
  Using cached tensorboard_data_server-0.6.1-py3-none-manylinux2010_x86_64.whl (4.9 MB)
Collecting tensorboard-plugin-wit>=1.6.0 (from tensorboard<2.11,>=2.10->tensorflow==2.10.0)
  Using cached tensorboard_plugin_wit-1.8.1-py3-none-any.whl (781 kB)
Collecting werkzeug>=1.0.1 (from tensorboard<2.11,>=2.10->tensorflow==2.10.0)
  Using cached Werkzeug-2.2.3-py3-none-any.whl (233 kB)
Requirement already satisfied: pyparsing>=2.0.2 in /opt/itu/easybuild/software/Python/3.8.6-GCCcore-10.2.0/lib/python3.8/site-packages (from packaging->tensorflow==2.10.0) (2.4.7)
Collecting cachetools<6.0,>=2.0.0 (from google-auth<3,>=1.6.3->tensorboard<2.11,>=2.10->tensorflow==2.10.0)
  Using cached cachetools-5.3.0-py3-none-any.whl (9.3 kB)
Collecting pyasn1-modules>=0.2.1 (from google-auth<3,>=1.6.3->tensorboard<2.11,>=2.10->tensorflow==2.10.0)
  Using cached pyasn1_modules-0.3.0-py2.py3-none-any.whl (181 kB)
Collecting rsa<5,>=3.1.4 (from google-auth<3,>=1.6.3->tensorboard<2.11,>=2.10->tensorflow==2.10.0)
  Using cached rsa-4.9-py3-none-any.whl (34 kB)
Collecting requests-oauthlib>=0.7.0 (from google-auth-oauthlib<0.5,>=0.4.1->tensorboard<2.11,>=2.10->tensorflow==2.10.0)
  Using cached requests_oauthlib-1.3.1-py2.py3-none-any.whl (23 kB)
Collecting importlib-metadata>=4.4 (from markdown>=2.6.8->tensorboard<2.11,>=2.10->tensorflow==2.10.0)
  Using cached importlib_metadata-6.6.0-py3-none-any.whl (22 kB)
Requirement already satisfied: chardet<4,>=3.0.2 in /opt/itu/easybuild/software/Python/3.8.6-GCCcore-10.2.0/lib/python3.8/site-packages (from requests<3,>=2.21.0->tensorboard<2.11,>=2.10->tensorflow==2.10.0) (3.0.4)
Requirement already satisfied: idna<3,>=2.5 in /opt/itu/easybuild/software/Python/3.8.6-GCCcore-10.2.0/lib/python3.8/site-packages (from requests<3,>=2.21.0->tensorboard<2.11,>=2.10->tensorflow==2.10.0) (2.10)
Requirement already satisfied: urllib3!=1.25.0,!=1.25.1,<1.26,>=1.21.1 in /opt/itu/easybuild/software/Python/3.8.6-GCCcore-10.2.0/lib/python3.8/site-packages (from requests<3,>=2.21.0->tensorboard<2.11,>=2.10->tensorflow==2.10.0) (1.25.10)
Requirement already satisfied: certifi>=2017.4.17 in /opt/itu/easybuild/software/Python/3.8.6-GCCcore-10.2.0/lib/python3.8/site-packages (from requests<3,>=2.21.0->tensorboard<2.11,>=2.10->tensorflow==2.10.0) (2020.6.20)
Collecting MarkupSafe>=2.1.1 (from werkzeug>=1.0.1->tensorboard<2.11,>=2.10->tensorflow==2.10.0)
  Using cached MarkupSafe-2.1.2-cp38-cp38-manylinux_2_17_x86_64.manylinux2014_x86_64.whl (25 kB)
Requirement already satisfied: zipp>=0.5 in /opt/itu/easybuild/software/Python/3.8.6-GCCcore-10.2.0/lib/python3.8/site-packages (from importlib-metadata>=4.4->markdown>=2.6.8->tensorboard<2.11,>=2.10->tensorflow==2.10.0) (3.3.0)
Requirement already satisfied: pyasn1<0.6.0,>=0.4.6 in /opt/itu/easybuild/software/Python/3.8.6-GCCcore-10.2.0/lib/python3.8/site-packages (from pyasn1-modules>=0.2.1->google-auth<3,>=1.6.3->tensorboard<2.11,>=2.10->tensorflow==2.10.0) (0.4.8)
Collecting oauthlib>=3.0.0 (from requests-oauthlib>=0.7.0->google-auth-oauthlib<0.5,>=0.4.1->tensorboard<2.11,>=2.10->tensorflow==2.10.0)
  Using cached oauthlib-3.2.2-py3-none-any.whl (151 kB)
Installing collected packages: tensorboard-plugin-wit, libclang, flatbuffers, wrapt, typing-extensions, termcolor, tensorflow-io-gcs-filesystem, tensorflow-estimator, tensorboard-data-server, rsa, pyasn1-modules, protobuf, oauthlib, numpy, MarkupSafe, importlib-metadata, grpcio, google-pasta, gast, cachetools, astunparse, absl-py, werkzeug, requests-oauthlib, opt-einsum, markdown, keras-preprocessing, h5py, google-auth, google-auth-oauthlib, tensorboard, tensorflow
slurmstepd: error: *** JOB 125686 ON desktop23 CANCELLED AT 2023-04-23T11:42:37 ***
