

Installing package keras==2.12.0

Requirement already satisfied: keras==2.12.0 in ./venv/lib/python3.8/site-packages (2.12.0)

[notice] A new release of pip is available: 23.0.1 -> 23.1.1
[notice] To update, run: pip install --upgrade pip


Installing package matplotlib==3.7.1

Requirement already satisfied: matplotlib==3.7.1 in ./venv/lib/python3.8/site-packages (3.7.1)
Requirement already satisfied: fonttools>=4.22.0 in ./venv/lib/python3.8/site-packages (from matplotlib==3.7.1) (4.39.3)
Requirement already satisfied: pillow>=6.2.0 in ./venv/lib/python3.8/site-packages (from matplotlib==3.7.1) (9.5.0)
Requirement already satisfied: importlib-resources>=3.2.0 in ./venv/lib/python3.8/site-packages (from matplotlib==3.7.1) (5.12.0)
Requirement already satisfied: cycler>=0.10 in ./venv/lib/python3.8/site-packages (from matplotlib==3.7.1) (0.11.0)
Requirement already satisfied: python-dateutil>=2.7 in ./venv/lib/python3.8/site-packages (from matplotlib==3.7.1) (2.8.2)
Requirement already satisfied: numpy>=1.20 in ./venv/lib/python3.8/site-packages (from matplotlib==3.7.1) (1.24.2)
Requirement already satisfied: pyparsing>=2.3.1 in ./venv/lib/python3.8/site-packages (from matplotlib==3.7.1) (3.0.9)
Requirement already satisfied: packaging>=20.0 in ./venv/lib/python3.8/site-packages (from matplotlib==3.7.1) (23.1)
Requirement already satisfied: contourpy>=1.0.1 in ./venv/lib/python3.8/site-packages (from matplotlib==3.7.1) (1.0.7)
Requirement already satisfied: kiwisolver>=1.0.1 in ./venv/lib/python3.8/site-packages (from matplotlib==3.7.1) (1.4.4)
Requirement already satisfied: zipp>=3.1.0 in ./venv/lib/python3.8/site-packages (from importlib-resources>=3.2.0->matplotlib==3.7.1) (3.15.0)
Requirement already satisfied: six>=1.5 in ./venv/lib/python3.8/site-packages (from python-dateutil>=2.7->matplotlib==3.7.1) (1.16.0)

[notice] A new release of pip is available: 23.0.1 -> 23.1.1
[notice] To update, run: pip install --upgrade pip


Installing package nibabel==5.1.0

Requirement already satisfied: nibabel==5.1.0 in ./venv/lib/python3.8/site-packages (5.1.0)
Requirement already satisfied: importlib-resources>=1.3 in ./venv/lib/python3.8/site-packages (from nibabel==5.1.0) (5.12.0)
Requirement already satisfied: numpy>=1.19 in ./venv/lib/python3.8/site-packages (from nibabel==5.1.0) (1.24.2)
Requirement already satisfied: packaging>=17 in ./venv/lib/python3.8/site-packages (from nibabel==5.1.0) (23.1)
Requirement already satisfied: zipp>=3.1.0 in ./venv/lib/python3.8/site-packages (from importlib-resources>=1.3->nibabel==5.1.0) (3.15.0)

[notice] A new release of pip is available: 23.0.1 -> 23.1.1
[notice] To update, run: pip install --upgrade pip


Installing package nilearn==0.10.0

Collecting nilearn==0.10.0
  Using cached nilearn-0.10.0-py3-none-any.whl (9.6 MB)
Requirement already satisfied: pandas>=1.1.5 in ./venv/lib/python3.8/site-packages (from nilearn==0.10.0) (2.0.0)
Requirement already satisfied: lxml in ./venv/lib/python3.8/site-packages (from nilearn==0.10.0) (4.9.2)
Requirement already satisfied: joblib>=1.0.0 in ./venv/lib/python3.8/site-packages (from nilearn==0.10.0) (1.2.0)
Requirement already satisfied: numpy>=1.19.0 in ./venv/lib/python3.8/site-packages (from nilearn==0.10.0) (1.24.2)
Requirement already satisfied: scipy>=1.6.0 in ./venv/lib/python3.8/site-packages (from nilearn==0.10.0) (1.10.1)
Requirement already satisfied: scikit-learn>=1.0.0 in ./venv/lib/python3.8/site-packages (from nilearn==0.10.0) (1.2.2)
Requirement already satisfied: nibabel>=3.2.0 in ./venv/lib/python3.8/site-packages (from nilearn==0.10.0) (5.1.0)
Requirement already satisfied: requests>=2.25.0 in ./venv/lib/python3.8/site-packages (from nilearn==0.10.0) (2.28.2)
Requirement already satisfied: packaging>=17 in ./venv/lib/python3.8/site-packages (from nibabel>=3.2.0->nilearn==0.10.0) (23.1)
Requirement already satisfied: importlib-resources>=1.3 in ./venv/lib/python3.8/site-packages (from nibabel>=3.2.0->nilearn==0.10.0) (5.12.0)
Requirement already satisfied: python-dateutil>=2.8.2 in ./venv/lib/python3.8/site-packages (from pandas>=1.1.5->nilearn==0.10.0) (2.8.2)
Requirement already satisfied: pytz>=2020.1 in ./venv/lib/python3.8/site-packages (from pandas>=1.1.5->nilearn==0.10.0) (2023.3)
Requirement already satisfied: tzdata>=2022.1 in ./venv/lib/python3.8/site-packages (from pandas>=1.1.5->nilearn==0.10.0) (2023.3)
Requirement already satisfied: idna<4,>=2.5 in ./venv/lib/python3.8/site-packages (from requests>=2.25.0->nilearn==0.10.0) (3.4)
Requirement already satisfied: charset-normalizer<4,>=2 in ./venv/lib/python3.8/site-packages (from requests>=2.25.0->nilearn==0.10.0) (3.1.0)
Requirement already satisfied: certifi>=2017.4.17 in ./venv/lib/python3.8/site-packages (from requests>=2.25.0->nilearn==0.10.0) (2022.12.7)
Requirement already satisfied: urllib3<1.27,>=1.21.1 in ./venv/lib/python3.8/site-packages (from requests>=2.25.0->nilearn==0.10.0) (1.26.15)
Requirement already satisfied: threadpoolctl>=2.0.0 in ./venv/lib/python3.8/site-packages (from scikit-learn>=1.0.0->nilearn==0.10.0) (3.1.0)
Requirement already satisfied: zipp>=3.1.0 in ./venv/lib/python3.8/site-packages (from importlib-resources>=1.3->nibabel>=3.2.0->nilearn==0.10.0) (3.15.0)
Requirement already satisfied: six>=1.5 in ./venv/lib/python3.8/site-packages (from python-dateutil>=2.8.2->pandas>=1.1.5->nilearn==0.10.0) (1.16.0)
Installing collected packages: nilearn
Successfully installed nilearn-0.10.0

[notice] A new release of pip is available: 23.0.1 -> 23.1.1
[notice] To update, run: pip install --upgrade pip


Installing package numpy==1.24.2

Requirement already satisfied: numpy==1.24.2 in ./venv/lib/python3.8/site-packages (1.24.2)

[notice] A new release of pip is available: 23.0.1 -> 23.1.1
[notice] To update, run: pip install --upgrade pip


Installing package pandas==1.5.3

Collecting pandas==1.5.3
  Downloading pandas-1.5.3-cp38-cp38-manylinux_2_17_x86_64.manylinux2014_x86_64.whl (12.2 MB)
     ━━━━━━━━━━━━━━━━━━━━━━━━━━━━━━━━━━━━━━━━ 12.2/12.2 MB 30.8 MB/s eta 0:00:00
Requirement already satisfied: numpy>=1.20.3 in ./venv/lib/python3.8/site-packages (from pandas==1.5.3) (1.24.2)
Requirement already satisfied: python-dateutil>=2.8.1 in ./venv/lib/python3.8/site-packages (from pandas==1.5.3) (2.8.2)
Requirement already satisfied: pytz>=2020.1 in ./venv/lib/python3.8/site-packages (from pandas==1.5.3) (2023.3)
Requirement already satisfied: six>=1.5 in ./venv/lib/python3.8/site-packages (from python-dateutil>=2.8.1->pandas==1.5.3) (1.16.0)
Installing collected packages: pandas
  Attempting uninstall: pandas
    Found existing installation: pandas 2.0.0
    Uninstalling pandas-2.0.0:
      Successfully uninstalled pandas-2.0.0
Successfully installed pandas-1.5.3

[notice] A new release of pip is available: 23.0.1 -> 23.1.1
[notice] To update, run: pip install --upgrade pip


Installing package Pillow==9.5.0

Requirement already satisfied: Pillow==9.5.0 in ./venv/lib/python3.8/site-packages (9.5.0)

[notice] A new release of pip is available: 23.0.1 -> 23.1.1
[notice] To update, run: pip install --upgrade pip


Installing package scikit_learn==1.2.2

Requirement already satisfied: scikit_learn==1.2.2 in ./venv/lib/python3.8/site-packages (1.2.2)
Requirement already satisfied: scipy>=1.3.2 in ./venv/lib/python3.8/site-packages (from scikit_learn==1.2.2) (1.10.1)
Requirement already satisfied: numpy>=1.17.3 in ./venv/lib/python3.8/site-packages (from scikit_learn==1.2.2) (1.24.2)
Requirement already satisfied: threadpoolctl>=2.0.0 in ./venv/lib/python3.8/site-packages (from scikit_learn==1.2.2) (3.1.0)
Requirement already satisfied: joblib>=1.1.1 in ./venv/lib/python3.8/site-packages (from scikit_learn==1.2.2) (1.2.0)

[notice] A new release of pip is available: 23.0.1 -> 23.1.1
[notice] To update, run: pip install --upgrade pip


Installing package tensorflow==2.10.0

Collecting tensorflow==2.10.0
  Downloading tensorflow-2.10.0-cp38-cp38-manylinux_2_17_x86_64.manylinux2014_x86_64.whl (578.1 MB)
     ━━━━━━━━━━━━━━━━━━━━━━━━━━━━━━━━━━━━━━━ 578.1/578.1 MB 1.5 MB/s eta 0:00:00
Collecting astunparse>=1.6.0
  Using cached astunparse-1.6.3-py2.py3-none-any.whl (12 kB)
Requirement already satisfied: packaging in ./venv/lib/python3.8/site-packages (from tensorflow==2.10.0) (23.1)
Collecting keras-preprocessing>=1.1.1
  Downloading Keras_Preprocessing-1.1.2-py2.py3-none-any.whl (42 kB)
     ━━━━━━━━━━━━━━━━━━━━━━━━━━━━━━━━━━━━━━━ 42.6/42.6 kB 210.0 kB/s eta 0:00:00
Collecting typing-extensions>=3.6.6
  Using cached typing_extensions-4.5.0-py3-none-any.whl (27 kB)
Collecting google-pasta>=0.1.1
  Using cached google_pasta-0.2.0-py3-none-any.whl (57 kB)
Requirement already satisfied: numpy>=1.20 in ./venv/lib/python3.8/site-packages (from tensorflow==2.10.0) (1.24.2)
Collecting tensorflow-io-gcs-filesystem>=0.23.1
  Using cached tensorflow_io_gcs_filesystem-0.32.0-cp38-cp38-manylinux_2_12_x86_64.manylinux2010_x86_64.whl (2.4 MB)
Collecting wrapt>=1.11.0
  Downloading wrapt-1.15.0-cp38-cp38-manylinux_2_5_x86_64.manylinux1_x86_64.manylinux_2_17_x86_64.manylinux2014_x86_64.whl (81 kB)
     ━━━━━━━━━━━━━━━━━━━━━━━━━━━━━━━━━━━━━━━ 81.5/81.5 kB 235.4 kB/s eta 0:00:00
Collecting protobuf<3.20,>=3.9.2
  Downloading protobuf-3.19.6-cp38-cp38-manylinux_2_17_x86_64.manylinux2014_x86_64.whl (1.1 MB)
     ━━━━━━━━━━━━━━━━━━━━━━━━━━━━━━━━━━━━━━━━ 1.1/1.1 MB 6.0 MB/s eta 0:00:00
Collecting keras<2.11,>=2.10.0
  Downloading keras-2.10.0-py2.py3-none-any.whl (1.7 MB)
     ━━━━━━━━━━━━━━━━━━━━━━━━━━━━━━━━━━━━━━━━ 1.7/1.7 MB 9.7 MB/s eta 0:00:00
Collecting libclang>=13.0.0
  Using cached libclang-16.0.0-py2.py3-none-manylinux2010_x86_64.whl (22.9 MB)
Collecting opt-einsum>=2.3.2
  Using cached opt_einsum-3.3.0-py3-none-any.whl (65 kB)
Collecting absl-py>=1.0.0
  Using cached absl_py-1.4.0-py3-none-any.whl (126 kB)
Requirement already satisfied: six>=1.12.0 in ./venv/lib/python3.8/site-packages (from tensorflow==2.10.0) (1.16.0)
Collecting flatbuffers>=2.0
  Using cached flatbuffers-23.3.3-py2.py3-none-any.whl (26 kB)
Requirement already satisfied: setuptools in ./venv/lib/python3.8/site-packages (from tensorflow==2.10.0) (50.3.0)
Collecting h5py>=2.9.0
  Using cached h5py-3.8.0-cp38-cp38-manylinux_2_17_x86_64.manylinux2014_x86_64.whl (4.7 MB)
Collecting tensorflow-estimator<2.11,>=2.10.0
  Downloading tensorflow_estimator-2.10.0-py2.py3-none-any.whl (438 kB)
     ━━━━━━━━━━━━━━━━━━━━━━━━━━━━━━━━━━━━━━━ 438.7/438.7 kB 4.7 MB/s eta 0:00:00
Collecting termcolor>=1.1.0
  Using cached termcolor-2.2.0-py3-none-any.whl (6.6 kB)
Collecting gast<=0.4.0,>=0.2.1
  Using cached gast-0.4.0-py3-none-any.whl (9.8 kB)
Collecting tensorboard<2.11,>=2.10
  Downloading tensorboard-2.10.1-py3-none-any.whl (5.9 MB)
     ━━━━━━━━━━━━━━━━━━━━━━━━━━━━━━━━━━━━━━━━ 5.9/5.9 MB 23.0 MB/s eta 0:00:00
Collecting grpcio<2.0,>=1.24.3
  Using cached grpcio-1.54.0-cp38-cp38-manylinux_2_17_x86_64.manylinux2014_x86_64.whl (5.1 MB)
slurmstepd: error: *** JOB 125551 ON desktop15 CANCELLED AT 2023-04-22T18:44:35 ***
Requirement already satisfied: wheel<1.0,>=0.23.0 in ./venv/lib/python3.8/site-packages (from astunparse>=1.6.0->tensorflow==2.10.0) (0.40.0)
