Tries to use TF 2.3.1 from module to work with script.
############################################
CREATE ENVIRONMENT
created virtual environment CPython3.8.2.final.0-64 in 54309ms
  creator CPython3Posix(dest=/home/data_shares/group_jet/KDS_AdvancedMachineLearning_project/hpc/venv2, clear=False, global=False)
  seeder FromAppData(download=False, pip=latest, setuptools=latest, wheel=latest, via=copy, app_data_dir=/home/thcl/.local/share/virtualenv/seed-app-data/v1.0.1)
  activators BashActivator,CShellActivator,FishActivator,PowerShellActivator,PythonActivator,XonshActivator
############################################
INSTALL PACKAGES
Collecting pip
  Using cached pip-23.1.2-py3-none-any.whl (2.1 MB)
Installing collected packages: pip
  Attempting uninstall: pip
    Found existing installation: pip 20.0.2
    Uninstalling pip-20.0.2:
      Successfully uninstalled pip-20.0.2
Successfully installed pip-23.1.2


Installing package matplotlib==3.3.3

Collecting matplotlib==3.3.3
  Downloading matplotlib-3.3.3-cp38-cp38-manylinux1_x86_64.whl (11.6 MB)
     ━━━━━━━━━━━━━━━━━━━━━━━━━━━━━━━━━━━━━━━━ 11.6/11.6 MB 4.5 MB/s eta 0:00:00
Collecting cycler>=0.10 (from matplotlib==3.3.3)
  Using cached cycler-0.11.0-py3-none-any.whl (6.4 kB)
Collecting kiwisolver>=1.0.1 (from matplotlib==3.3.3)
  Using cached kiwisolver-1.4.4-cp38-cp38-manylinux_2_5_x86_64.manylinux1_x86_64.whl (1.2 MB)
Requirement already satisfied: numpy>=1.15 in /opt/itu/easybuild/software/SciPy-bundle/2020.03-fosscuda-2020a-Python-3.8.2/lib/python3.8/site-packages (from matplotlib==3.3.3) (1.18.3)
Collecting pillow>=6.2.0 (from matplotlib==3.3.3)
  Using cached Pillow-9.5.0-cp38-cp38-manylinux_2_17_x86_64.manylinux2014_x86_64.whl (3.3 MB)
Collecting pyparsing!=2.0.4,!=2.1.2,!=2.1.6,>=2.0.3 (from matplotlib==3.3.3)
  Using cached pyparsing-3.0.9-py3-none-any.whl (98 kB)
Collecting python-dateutil>=2.1 (from matplotlib==3.3.3)
  Using cached python_dateutil-2.8.2-py2.py3-none-any.whl (247 kB)
Collecting six>=1.5 (from python-dateutil>=2.1->matplotlib==3.3.3)
  Using cached six-1.16.0-py2.py3-none-any.whl (11 kB)
Installing collected packages: six, pyparsing, pillow, kiwisolver, cycler, python-dateutil, matplotlib
Successfully installed cycler-0.11.0 kiwisolver-1.4.4 matplotlib-3.3.3 pillow-9.5.0 pyparsing-3.0.9 python-dateutil-2.8.2 six-1.16.0


Installing package nibabel

Collecting nibabel
  Using cached nibabel-5.1.0-py3-none-any.whl (3.3 MB)
Collecting importlib-resources>=1.3 (from nibabel)
  Using cached importlib_resources-5.12.0-py3-none-any.whl (36 kB)
Collecting numpy>=1.19 (from nibabel)
  Using cached numpy-1.24.3-cp38-cp38-manylinux_2_17_x86_64.manylinux2014_x86_64.whl (17.3 MB)
Collecting packaging>=17 (from nibabel)
  Using cached packaging-23.1-py3-none-any.whl (48 kB)
Collecting zipp>=3.1.0 (from importlib-resources>=1.3->nibabel)
  Using cached zipp-3.15.0-py3-none-any.whl (6.8 kB)
Installing collected packages: zipp, packaging, numpy, importlib-resources, nibabel
  Attempting uninstall: numpy
    Found existing installation: numpy 1.18.3
    Not uninstalling numpy at /opt/itu/easybuild/software/SciPy-bundle/2020.03-fosscuda-2020a-Python-3.8.2/lib/python3.8/site-packages, outside environment /home/data_shares/group_jet/KDS_AdvancedMachineLearning_project/hpc/venv2
    Can't uninstall 'numpy'. No files were found to uninstall.
Successfully installed importlib-resources-5.12.0 nibabel-5.1.0 numpy-1.24.3 packaging-23.1 zipp-3.15.0


Installing package nilearn

Collecting nilearn
  Using cached nilearn-0.10.1-py3-none-any.whl (10.3 MB)
Collecting joblib>=1.0.0 (from nilearn)
  Using cached joblib-1.2.0-py3-none-any.whl (297 kB)
Collecting lxml (from nilearn)
  Using cached lxml-4.9.2-cp38-cp38-manylinux_2_17_x86_64.manylinux2014_x86_64.manylinux_2_24_x86_64.whl (7.1 MB)
Requirement already satisfied: nibabel>=3.2.0 in ./venv2/lib/python3.8/site-packages (from nilearn) (5.1.0)
Collecting numpy>=1.19.0 (from nilearn)
  Using cached numpy-1.24.3-cp38-cp38-manylinux_2_17_x86_64.manylinux2014_x86_64.whl (17.3 MB)
Requirement already satisfied: packaging in ./venv2/lib/python3.8/site-packages (from nilearn) (23.1)
Collecting pandas>=1.1.5 (from nilearn)
  Using cached pandas-2.0.1-cp38-cp38-manylinux_2_17_x86_64.manylinux2014_x86_64.whl (12.3 MB)
Collecting requests>=2.25.0 (from nilearn)
  Using cached requests-2.29.0-py3-none-any.whl (62 kB)
Collecting scikit-learn>=1.0.0 (from nilearn)
  Using cached scikit_learn-1.2.2-cp38-cp38-manylinux_2_17_x86_64.manylinux2014_x86_64.whl (9.8 MB)
Collecting scipy>=1.6.0 (from nilearn)
  Using cached scipy-1.10.1-cp38-cp38-manylinux_2_17_x86_64.manylinux2014_x86_64.whl (34.5 MB)
Requirement already satisfied: importlib-resources>=1.3 in ./venv2/lib/python3.8/site-packages (from nibabel>=3.2.0->nilearn) (5.12.0)
Requirement already satisfied: python-dateutil>=2.8.2 in ./venv2/lib/python3.8/site-packages (from pandas>=1.1.5->nilearn) (2.8.2)
Collecting pytz>=2020.1 (from pandas>=1.1.5->nilearn)
  Using cached pytz-2023.3-py2.py3-none-any.whl (502 kB)
Collecting tzdata>=2022.1 (from pandas>=1.1.5->nilearn)
  Using cached tzdata-2023.3-py2.py3-none-any.whl (341 kB)
Collecting charset-normalizer<4,>=2 (from requests>=2.25.0->nilearn)
  Using cached charset_normalizer-3.1.0-cp38-cp38-manylinux_2_17_x86_64.manylinux2014_x86_64.whl (195 kB)
Collecting idna<4,>=2.5 (from requests>=2.25.0->nilearn)
  Using cached idna-3.4-py3-none-any.whl (61 kB)
Collecting urllib3<1.27,>=1.21.1 (from requests>=2.25.0->nilearn)
  Using cached urllib3-1.26.15-py2.py3-none-any.whl (140 kB)
Collecting certifi>=2017.4.17 (from requests>=2.25.0->nilearn)
  Using cached certifi-2022.12.7-py3-none-any.whl (155 kB)
Collecting threadpoolctl>=2.0.0 (from scikit-learn>=1.0.0->nilearn)
  Using cached threadpoolctl-3.1.0-py3-none-any.whl (14 kB)
Requirement already satisfied: zipp>=3.1.0 in ./venv2/lib/python3.8/site-packages (from importlib-resources>=1.3->nibabel>=3.2.0->nilearn) (3.15.0)
Requirement already satisfied: six>=1.5 in ./venv2/lib/python3.8/site-packages (from python-dateutil>=2.8.2->pandas>=1.1.5->nilearn) (1.16.0)
Installing collected packages: pytz, urllib3, tzdata, threadpoolctl, numpy, lxml, joblib, idna, charset-normalizer, certifi, scipy, requests, pandas, scikit-learn, nilearn
  Attempting uninstall: numpy
    Found existing installation: numpy 1.18.3
    Not uninstalling numpy at /opt/itu/easybuild/software/SciPy-bundle/2020.03-fosscuda-2020a-Python-3.8.2/lib/python3.8/site-packages, outside environment /home/data_shares/group_jet/KDS_AdvancedMachineLearning_project/hpc/venv2
    Can't uninstall 'numpy'. No files were found to uninstall.
  Attempting uninstall: scipy
    Found existing installation: scipy 1.4.1
    Not uninstalling scipy at /opt/itu/easybuild/software/SciPy-bundle/2020.03-fosscuda-2020a-Python-3.8.2/lib/python3.8/site-packages, outside environment /home/data_shares/group_jet/KDS_AdvancedMachineLearning_project/hpc/venv2
    Can't uninstall 'scipy'. No files were found to uninstall.
  Attempting uninstall: pandas
    Found existing installation: pandas 1.0.3
    Not uninstalling pandas at /opt/itu/easybuild/software/SciPy-bundle/2020.03-fosscuda-2020a-Python-3.8.2/lib/python3.8/site-packages, outside environment /home/data_shares/group_jet/KDS_AdvancedMachineLearning_project/hpc/venv2
    Can't uninstall 'pandas'. No files were found to uninstall.
Successfully installed certifi-2022.12.7 charset-normalizer-3.1.0 idna-3.4 joblib-1.2.0 lxml-4.9.2 nilearn-0.10.1 numpy-1.24.3 pandas-2.0.1 pytz-2023.3 requests-2.29.0 scikit-learn-1.2.2 scipy-1.10.1 threadpoolctl-3.1.0 tzdata-2023.3 urllib3-1.26.15


Installing package numpy

Requirement already satisfied: numpy in /opt/itu/easybuild/software/SciPy-bundle/2020.03-fosscuda-2020a-Python-3.8.2/lib/python3.8/site-packages (1.18.3)


Installing package pandas

Requirement already satisfied: pandas in /opt/itu/easybuild/software/SciPy-bundle/2020.03-fosscuda-2020a-Python-3.8.2/lib/python3.8/site-packages (1.0.3)
Requirement already satisfied: python-dateutil>=2.6.1 in ./venv2/lib/python3.8/site-packages (from pandas) (2.8.2)
Requirement already satisfied: pytz>=2017.2 in ./venv2/lib/python3.8/site-packages (from pandas) (2023.3)
Requirement already satisfied: numpy>=1.13.3 in /opt/itu/easybuild/software/SciPy-bundle/2020.03-fosscuda-2020a-Python-3.8.2/lib/python3.8/site-packages (from pandas) (1.18.3)
Requirement already satisfied: six>=1.5 in ./venv2/lib/python3.8/site-packages (from python-dateutil>=2.6.1->pandas) (1.16.0)


Installing package Pillow

Requirement already satisfied: Pillow in ./venv2/lib/python3.8/site-packages (9.5.0)


Installing package sklearn

Collecting sklearn
  Using cached sklearn-0.0.post4-py3-none-any.whl
Installing collected packages: sklearn
Successfully installed sklearn-0.0.post4


Installing package tqdm

Collecting tqdm
  Using cached tqdm-4.65.0-py3-none-any.whl (77 kB)
Installing collected packages: tqdm
Successfully installed tqdm-4.65.0


Installing package opencv-python

Collecting opencv-python
  Using cached opencv_python-4.7.0.72-cp37-abi3-manylinux_2_17_x86_64.manylinux2014_x86_64.whl (61.8 MB)
Requirement already satisfied: numpy>=1.17.0 in /opt/itu/easybuild/software/SciPy-bundle/2020.03-fosscuda-2020a-Python-3.8.2/lib/python3.8/site-packages (from opencv-python) (1.18.3)
Installing collected packages: opencv-python
Successfully installed opencv-python-4.7.0.72
############################################
RUN test_gpy.py

TEST RESULTS:

TensorFlow version: 2.3.1

CUDA not available

Device name: /physical_device:CPU:0
Device type: CPU

Device name: /physical_device:GPU:0
Device type: GPU


GPU device found: /device:GPU:0
############################################
RUN ../src/Eff_test.py
CPUs set to same as HPC job.

