Already using interpreter /opt/itu/easybuild/software/Python/3.7.4-GCCcore-8.3.0/bin/python
Using base prefix '/opt/itu/easybuild/software/Python/3.7.4-GCCcore-8.3.0'
New python executable in /home/data_shares/group_jet/KDS_AdvancedMachineLearning_project/hpc/venv_noah/bin/python
Installing setuptools, pip, wheel...
done.


Installing package keras==2.10.0

/home/data_shares/group_jet/KDS_AdvancedMachineLearning_project/hpc/venv/bin/python: error while loading shared libraries: libpython3.8.so.1.0: cannot open shared object file: No such file or directory


Installing package tensorflow==2.10.0

/home/data_shares/group_jet/KDS_AdvancedMachineLearning_project/hpc/venv/bin/python: error while loading shared libraries: libpython3.8.so.1.0: cannot open shared object file: No such file or directory


Installing package matplotlib==3.7.1

/home/data_shares/group_jet/KDS_AdvancedMachineLearning_project/hpc/venv/bin/python: error while loading shared libraries: libpython3.8.so.1.0: cannot open shared object file: No such file or directory


Installing package nibabel==5.1.0

/home/data_shares/group_jet/KDS_AdvancedMachineLearning_project/hpc/venv/bin/python: error while loading shared libraries: libpython3.8.so.1.0: cannot open shared object file: No such file or directory


Installing package nilearn==0.10.0

/home/data_shares/group_jet/KDS_AdvancedMachineLearning_project/hpc/venv/bin/python: error while loading shared libraries: libpython3.8.so.1.0: cannot open shared object file: No such file or directory


Installing package numpy==1.24.2

/home/data_shares/group_jet/KDS_AdvancedMachineLearning_project/hpc/venv/bin/python: error while loading shared libraries: libpython3.8.so.1.0: cannot open shared object file: No such file or directory


Installing package pandas==1.5.3

/home/data_shares/group_jet/KDS_AdvancedMachineLearning_project/hpc/venv/bin/python: error while loading shared libraries: libpython3.8.so.1.0: cannot open shared object file: No such file or directory


Installing package Pillow==9.5.0

/home/data_shares/group_jet/KDS_AdvancedMachineLearning_project/hpc/venv/bin/python: error while loading shared libraries: libpython3.8.so.1.0: cannot open shared object file: No such file or directory


Installing package scikit_learn==1.2.2

/home/data_shares/group_jet/KDS_AdvancedMachineLearning_project/hpc/venv/bin/python: error while loading shared libraries: libpython3.8.so.1.0: cannot open shared object file: No such file or directory


Installing package tqdm==4.65.0

/home/data_shares/group_jet/KDS_AdvancedMachineLearning_project/hpc/venv/bin/python: error while loading shared libraries: libpython3.8.so.1.0: cannot open shared object file: No such file or directory
