Requirement already satisfied: pip in ./venv/lib/python3.8/site-packages (23.1.1)


Installing package keras==2.10.0

Requirement already satisfied: keras==2.10.0 in ./venv/lib/python3.8/site-packages (2.10.0)


Installing package matplotlib==3.7.1

Requirement already satisfied: matplotlib==3.7.1 in ./venv/lib/python3.8/site-packages (3.7.1)
Requirement already satisfied: contourpy>=1.0.1 in ./venv/lib/python3.8/site-packages (from matplotlib==3.7.1) (1.0.7)
Requirement already satisfied: cycler>=0.10 in ./venv/lib/python3.8/site-packages (from matplotlib==3.7.1) (0.11.0)
Requirement already satisfied: fonttools>=4.22.0 in ./venv/lib/python3.8/site-packages (from matplotlib==3.7.1) (4.39.3)
Requirement already satisfied: kiwisolver>=1.0.1 in ./venv/lib/python3.8/site-packages (from matplotlib==3.7.1) (1.4.4)
Requirement already satisfied: numpy>=1.20 in ./venv/lib/python3.8/site-packages (from matplotlib==3.7.1) (1.24.2)
Requirement already satisfied: packaging>=20.0 in ./venv/lib/python3.8/site-packages (from matplotlib==3.7.1) (23.1)
Requirement already satisfied: pillow>=6.2.0 in ./venv/lib/python3.8/site-packages (from matplotlib==3.7.1) (9.5.0)
Requirement already satisfied: pyparsing>=2.3.1 in ./venv/lib/python3.8/site-packages (from matplotlib==3.7.1) (3.0.9)
Requirement already satisfied: python-dateutil>=2.7 in ./venv/lib/python3.8/site-packages (from matplotlib==3.7.1) (2.8.2)
Requirement already satisfied: importlib-resources>=3.2.0 in ./venv/lib/python3.8/site-packages (from matplotlib==3.7.1) (5.12.0)
Requirement already satisfied: zipp>=3.1.0 in ./venv/lib/python3.8/site-packages (from importlib-resources>=3.2.0->matplotlib==3.7.1) (3.15.0)
Requirement already satisfied: six>=1.5 in ./venv/lib/python3.8/site-packages (from python-dateutil>=2.7->matplotlib==3.7.1) (1.16.0)


Installing package nibabel==5.1.0

Requirement already satisfied: nibabel==5.1.0 in ./venv/lib/python3.8/site-packages (5.1.0)
Requirement already satisfied: importlib-resources>=1.3 in ./venv/lib/python3.8/site-packages (from nibabel==5.1.0) (5.12.0)
Requirement already satisfied: numpy>=1.19 in ./venv/lib/python3.8/site-packages (from nibabel==5.1.0) (1.24.2)
Requirement already satisfied: packaging>=17 in ./venv/lib/python3.8/site-packages (from nibabel==5.1.0) (23.1)
Requirement already satisfied: zipp>=3.1.0 in ./venv/lib/python3.8/site-packages (from importlib-resources>=1.3->nibabel==5.1.0) (3.15.0)


Installing package nilearn==0.10.0

Requirement already satisfied: nilearn==0.10.0 in ./venv/lib/python3.8/site-packages (0.10.0)
Requirement already satisfied: joblib>=1.0.0 in ./venv/lib/python3.8/site-packages (from nilearn==0.10.0) (1.2.0)
Requirement already satisfied: lxml in ./venv/lib/python3.8/site-packages (from nilearn==0.10.0) (4.9.2)
Requirement already satisfied: nibabel>=3.2.0 in ./venv/lib/python3.8/site-packages (from nilearn==0.10.0) (5.1.0)
Requirement already satisfied: numpy>=1.19.0 in ./venv/lib/python3.8/site-packages (from nilearn==0.10.0) (1.24.2)
Requirement already satisfied: pandas>=1.1.5 in ./venv/lib/python3.8/site-packages (from nilearn==0.10.0) (1.5.3)
Requirement already satisfied: requests>=2.25.0 in ./venv/lib/python3.8/site-packages (from nilearn==0.10.0) (2.28.2)
Requirement already satisfied: scikit-learn>=1.0.0 in ./venv/lib/python3.8/site-packages (from nilearn==0.10.0) (1.2.2)
Requirement already satisfied: scipy>=1.6.0 in ./venv/lib/python3.8/site-packages (from nilearn==0.10.0) (1.10.1)
Requirement already satisfied: importlib-resources>=1.3 in ./venv/lib/python3.8/site-packages (from nibabel>=3.2.0->nilearn==0.10.0) (5.12.0)
Requirement already satisfied: packaging>=17 in ./venv/lib/python3.8/site-packages (from nibabel>=3.2.0->nilearn==0.10.0) (23.1)
Requirement already satisfied: python-dateutil>=2.8.1 in ./venv/lib/python3.8/site-packages (from pandas>=1.1.5->nilearn==0.10.0) (2.8.2)
Requirement already satisfied: pytz>=2020.1 in ./venv/lib/python3.8/site-packages (from pandas>=1.1.5->nilearn==0.10.0) (2023.3)
Requirement already satisfied: charset-normalizer<4,>=2 in ./venv/lib/python3.8/site-packages (from requests>=2.25.0->nilearn==0.10.0) (3.1.0)
Requirement already satisfied: idna<4,>=2.5 in ./venv/lib/python3.8/site-packages (from requests>=2.25.0->nilearn==0.10.0) (3.4)
Requirement already satisfied: urllib3<1.27,>=1.21.1 in ./venv/lib/python3.8/site-packages (from requests>=2.25.0->nilearn==0.10.0) (1.26.15)
Requirement already satisfied: certifi>=2017.4.17 in ./venv/lib/python3.8/site-packages (from requests>=2.25.0->nilearn==0.10.0) (2022.12.7)
Requirement already satisfied: threadpoolctl>=2.0.0 in ./venv/lib/python3.8/site-packages (from scikit-learn>=1.0.0->nilearn==0.10.0) (3.1.0)
Requirement already satisfied: zipp>=3.1.0 in ./venv/lib/python3.8/site-packages (from importlib-resources>=1.3->nibabel>=3.2.0->nilearn==0.10.0) (3.15.0)
Requirement already satisfied: six>=1.5 in ./venv/lib/python3.8/site-packages (from python-dateutil>=2.8.1->pandas>=1.1.5->nilearn==0.10.0) (1.16.0)


Installing package numpy==1.24.2

Requirement already satisfied: numpy==1.24.2 in ./venv/lib/python3.8/site-packages (1.24.2)


Installing package pandas==1.5.3

Requirement already satisfied: pandas==1.5.3 in ./venv/lib/python3.8/site-packages (1.5.3)
Requirement already satisfied: python-dateutil>=2.8.1 in ./venv/lib/python3.8/site-packages (from pandas==1.5.3) (2.8.2)
Requirement already satisfied: pytz>=2020.1 in ./venv/lib/python3.8/site-packages (from pandas==1.5.3) (2023.3)
Requirement already satisfied: numpy>=1.20.3 in ./venv/lib/python3.8/site-packages (from pandas==1.5.3) (1.24.2)
Requirement already satisfied: six>=1.5 in ./venv/lib/python3.8/site-packages (from python-dateutil>=2.8.1->pandas==1.5.3) (1.16.0)


Installing package Pillow==9.5.0

Requirement already satisfied: Pillow==9.5.0 in ./venv/lib/python3.8/site-packages (9.5.0)


Installing package scikit_learn==1.2.2

Requirement already satisfied: scikit_learn==1.2.2 in ./venv/lib/python3.8/site-packages (1.2.2)
Requirement already satisfied: numpy>=1.17.3 in ./venv/lib/python3.8/site-packages (from scikit_learn==1.2.2) (1.24.2)
Requirement already satisfied: scipy>=1.3.2 in ./venv/lib/python3.8/site-packages (from scikit_learn==1.2.2) (1.10.1)
Requirement already satisfied: joblib>=1.1.1 in ./venv/lib/python3.8/site-packages (from scikit_learn==1.2.2) (1.2.0)
Requirement already satisfied: threadpoolctl>=2.0.0 in ./venv/lib/python3.8/site-packages (from scikit_learn==1.2.2) (3.1.0)


Installing package tensorflow==2.10.0

Collecting tensorflow==2.10.0
  Using cached tensorflow-2.10.0-cp38-cp38-manylinux_2_17_x86_64.manylinux2014_x86_64.whl (578.1 MB)
Collecting absl-py>=1.0.0 (from tensorflow==2.10.0)
  Using cached absl_py-1.4.0-py3-none-any.whl (126 kB)
Collecting astunparse>=1.6.0 (from tensorflow==2.10.0)
  Using cached astunparse-1.6.3-py2.py3-none-any.whl (12 kB)
Requirement already satisfied: flatbuffers>=2.0 in ./venv/lib/python3.8/site-packages (from tensorflow==2.10.0) (23.3.3)
Collecting gast<=0.4.0,>=0.2.1 (from tensorflow==2.10.0)
  Using cached gast-0.4.0-py3-none-any.whl (9.8 kB)
Collecting google-pasta>=0.1.1 (from tensorflow==2.10.0)
  Using cached google_pasta-0.2.0-py3-none-any.whl (57 kB)
Collecting grpcio<2.0,>=1.24.3 (from tensorflow==2.10.0)
  Using cached grpcio-1.54.0-cp38-cp38-manylinux_2_17_x86_64.manylinux2014_x86_64.whl (5.1 MB)
Collecting h5py>=2.9.0 (from tensorflow==2.10.0)
  Using cached h5py-3.8.0-cp38-cp38-manylinux_2_17_x86_64.manylinux2014_x86_64.whl (4.7 MB)
Requirement already satisfied: keras<2.11,>=2.10.0 in ./venv/lib/python3.8/site-packages (from tensorflow==2.10.0) (2.10.0)
Collecting keras-preprocessing>=1.1.1 (from tensorflow==2.10.0)
  Using cached Keras_Preprocessing-1.1.2-py2.py3-none-any.whl (42 kB)
Requirement already satisfied: libclang>=13.0.0 in ./venv/lib/python3.8/site-packages (from tensorflow==2.10.0) (16.0.0)
Requirement already satisfied: numpy>=1.20 in ./venv/lib/python3.8/site-packages (from tensorflow==2.10.0) (1.24.2)
Collecting opt-einsum>=2.3.2 (from tensorflow==2.10.0)
  Using cached opt_einsum-3.3.0-py3-none-any.whl (65 kB)
Requirement already satisfied: packaging in ./venv/lib/python3.8/site-packages (from tensorflow==2.10.0) (23.1)
Collecting protobuf<3.20,>=3.9.2 (from tensorflow==2.10.0)
  Using cached protobuf-3.19.6-cp38-cp38-manylinux_2_17_x86_64.manylinux2014_x86_64.whl (1.1 MB)
Requirement already satisfied: setuptools in ./venv/lib/python3.8/site-packages (from tensorflow==2.10.0) (50.3.0)
Requirement already satisfied: six>=1.12.0 in ./venv/lib/python3.8/site-packages (from tensorflow==2.10.0) (1.16.0)
Collecting tensorboard<2.11,>=2.10 (from tensorflow==2.10.0)
  Using cached tensorboard-2.10.1-py3-none-any.whl (5.9 MB)
Requirement already satisfied: tensorflow-io-gcs-filesystem>=0.23.1 in ./venv/lib/python3.8/site-packages (from tensorflow==2.10.0) (0.32.0)
Collecting tensorflow-estimator<2.11,>=2.10.0 (from tensorflow==2.10.0)
  Using cached tensorflow_estimator-2.10.0-py2.py3-none-any.whl (438 kB)
Requirement already satisfied: termcolor>=1.1.0 in ./venv/lib/python3.8/site-packages (from tensorflow==2.10.0) (2.2.0)
Requirement already satisfied: typing-extensions>=3.6.6 in ./venv/lib/python3.8/site-packages (from tensorflow==2.10.0) (4.5.0)
Requirement already satisfied: wrapt>=1.11.0 in ./venv/lib/python3.8/site-packages (from tensorflow==2.10.0) (1.15.0)
Requirement already satisfied: wheel<1.0,>=0.23.0 in ./venv/lib/python3.8/site-packages (from astunparse>=1.6.0->tensorflow==2.10.0) (0.40.0)
Collecting google-auth<3,>=1.6.3 (from tensorboard<2.11,>=2.10->tensorflow==2.10.0)
  Using cached google_auth-2.17.3-py2.py3-none-any.whl (178 kB)
Collecting google-auth-oauthlib<0.5,>=0.4.1 (from tensorboard<2.11,>=2.10->tensorflow==2.10.0)
  Using cached google_auth_oauthlib-0.4.6-py2.py3-none-any.whl (18 kB)
Collecting markdown>=2.6.8 (from tensorboard<2.11,>=2.10->tensorflow==2.10.0)
  Using cached Markdown-3.4.3-py3-none-any.whl (93 kB)
Requirement already satisfied: requests<3,>=2.21.0 in ./venv/lib/python3.8/site-packages (from tensorboard<2.11,>=2.10->tensorflow==2.10.0) (2.28.2)
Collecting tensorboard-data-server<0.7.0,>=0.6.0 (from tensorboard<2.11,>=2.10->tensorflow==2.10.0)
  Using cached tensorboard_data_server-0.6.1-py3-none-manylinux2010_x86_64.whl (4.9 MB)
Requirement already satisfied: tensorboard-plugin-wit>=1.6.0 in ./venv/lib/python3.8/site-packages (from tensorboard<2.11,>=2.10->tensorflow==2.10.0) (1.8.1)
Collecting werkzeug>=1.0.1 (from tensorboard<2.11,>=2.10->tensorflow==2.10.0)
  Using cached Werkzeug-2.2.3-py3-none-any.whl (233 kB)
Collecting cachetools<6.0,>=2.0.0 (from google-auth<3,>=1.6.3->tensorboard<2.11,>=2.10->tensorflow==2.10.0)
  Using cached cachetools-5.3.0-py3-none-any.whl (9.3 kB)
Collecting pyasn1-modules>=0.2.1 (from google-auth<3,>=1.6.3->tensorboard<2.11,>=2.10->tensorflow==2.10.0)
  Using cached pyasn1_modules-0.3.0-py2.py3-none-any.whl (181 kB)
Collecting rsa<5,>=3.1.4 (from google-auth<3,>=1.6.3->tensorboard<2.11,>=2.10->tensorflow==2.10.0)
  Using cached rsa-4.9-py3-none-any.whl (34 kB)
Collecting requests-oauthlib>=0.7.0 (from google-auth-oauthlib<0.5,>=0.4.1->tensorboard<2.11,>=2.10->tensorflow==2.10.0)
  Using cached requests_oauthlib-1.3.1-py2.py3-none-any.whl (23 kB)
Collecting importlib-metadata>=4.4 (from markdown>=2.6.8->tensorboard<2.11,>=2.10->tensorflow==2.10.0)
  Using cached importlib_metadata-6.6.0-py3-none-any.whl (22 kB)
Requirement already satisfied: charset-normalizer<4,>=2 in ./venv/lib/python3.8/site-packages (from requests<3,>=2.21.0->tensorboard<2.11,>=2.10->tensorflow==2.10.0) (3.1.0)
Requirement already satisfied: idna<4,>=2.5 in ./venv/lib/python3.8/site-packages (from requests<3,>=2.21.0->tensorboard<2.11,>=2.10->tensorflow==2.10.0) (3.4)
Requirement already satisfied: urllib3<1.27,>=1.21.1 in ./venv/lib/python3.8/site-packages (from requests<3,>=2.21.0->tensorboard<2.11,>=2.10->tensorflow==2.10.0) (1.26.15)
Requirement already satisfied: certifi>=2017.4.17 in ./venv/lib/python3.8/site-packages (from requests<3,>=2.21.0->tensorboard<2.11,>=2.10->tensorflow==2.10.0) (2022.12.7)
Collecting MarkupSafe>=2.1.1 (from werkzeug>=1.0.1->tensorboard<2.11,>=2.10->tensorflow==2.10.0)
  Using cached MarkupSafe-2.1.2-cp38-cp38-manylinux_2_17_x86_64.manylinux2014_x86_64.whl (25 kB)
Requirement already satisfied: zipp>=0.5 in ./venv/lib/python3.8/site-packages (from importlib-metadata>=4.4->markdown>=2.6.8->tensorboard<2.11,>=2.10->tensorflow==2.10.0) (3.15.0)
Collecting pyasn1<0.6.0,>=0.4.6 (from pyasn1-modules>=0.2.1->google-auth<3,>=1.6.3->tensorboard<2.11,>=2.10->tensorflow==2.10.0)
  Using cached pyasn1-0.5.0-py2.py3-none-any.whl (83 kB)
Collecting oauthlib>=3.0.0 (from requests-oauthlib>=0.7.0->google-auth-oauthlib<0.5,>=0.4.1->tensorboard<2.11,>=2.10->tensorflow==2.10.0)
  Using cached oauthlib-3.2.2-py3-none-any.whl (151 kB)
Installing collected packages: tensorflow-estimator, tensorboard-data-server, pyasn1, protobuf, opt-einsum, oauthlib, MarkupSafe, keras-preprocessing, importlib-metadata, h5py, grpcio, google-pasta, gast, cachetools, astunparse, absl-py, werkzeug, rsa, requests-oauthlib, pyasn1-modules, markdown, google-auth, google-auth-oauthlib, tensorboard, tensorflow
Successfully installed MarkupSafe-2.1.2 absl-py-1.4.0 astunparse-1.6.3 cachetools-5.3.0 gast-0.4.0 google-auth-2.17.3 google-auth-oauthlib-0.4.6 google-pasta-0.2.0 grpcio-1.54.0 h5py-3.8.0 importlib-metadata-6.6.0 keras-preprocessing-1.1.2 markdown-3.4.3 oauthlib-3.2.2 opt-einsum-3.3.0 protobuf-3.19.6 pyasn1-0.5.0 pyasn1-modules-0.3.0 requests-oauthlib-1.3.1 rsa-4.9 tensorboard-2.10.1 tensorboard-data-server-0.6.1 tensorflow-2.10.0 tensorflow-estimator-2.10.0 werkzeug-2.2.3


Installing package tqdm==4.65.0

Collecting tqdm==4.65.0
  Using cached tqdm-4.65.0-py3-none-any.whl (77 kB)
Installing collected packages: tqdm
Successfully installed tqdm-4.65.0
