/var/spool/slurm/d/job125684/slurm_script: line 12: conda: command not found
/var/spool/slurm/d/job125684/slurm_script: line 13: conda: command not found


Installing package keras==2.10.0

Collecting keras==2.10.0
  Using cached https://files.pythonhosted.org/packages/f9/4d/dc255a437c9616b155e5bd55e325e092b7cdcb4652361d733ae051d40853/keras-2.10.0-py2.py3-none-any.whl
Installing collected packages: keras
ERROR: Could not install packages due to an EnvironmentError: [Errno 13] Permission denied: '/opt/itu/easybuild/software/Python/3.7.4-GCCcore-8.3.0/lib/python3.7/site-packages/keras'
Consider using the `--user` option or check the permissions.



Installing package tensorflow==2.10.0

Collecting tensorflow==2.10.0
  ERROR: Could not find a version that satisfies the requirement tensorflow==2.10.0 (from versions: 1.13.1, 1.13.2, 1.14.0, 1.15.0, 1.15.2, 1.15.3, 1.15.4, 1.15.5, 2.0.0, 2.0.1, 2.0.2, 2.0.3, 2.0.4, 2.1.0, 2.1.1, 2.1.2, 2.1.3, 2.1.4, 2.2.0, 2.2.1, 2.2.2, 2.2.3, 2.3.0, 2.3.1, 2.3.2, 2.3.3, 2.3.4, 2.4.0, 2.4.1, 2.4.2, 2.4.3, 2.4.4, 2.5.0, 2.5.1, 2.5.2, 2.5.3, 2.6.0rc0, 2.6.0rc1, 2.6.0rc2, 2.6.0, 2.6.1, 2.6.2, 2.6.3, 2.6.4, 2.6.5, 2.7.0rc0, 2.7.0rc1, 2.7.0, 2.7.1, 2.7.2, 2.7.3, 2.7.4, 2.8.0rc0, 2.8.0rc1, 2.8.0, 2.8.1, 2.8.2, 2.8.3, 2.8.4)
ERROR: No matching distribution found for tensorflow==2.10.0


Installing package matplotlib==3.7.1

Collecting matplotlib==3.7.1
  ERROR: Could not find a version that satisfies the requirement matplotlib==3.7.1 (from versions: 0.86, 0.86.1, 0.86.2, 0.91.0, 0.91.1, 1.0.1, 1.1.0, 1.1.1, 1.2.0, 1.2.1, 1.3.0, 1.3.1, 1.4.0, 1.4.1rc1, 1.4.1, 1.4.2, 1.4.3, 1.5.0, 1.5.1, 1.5.2, 1.5.3, 2.0.0b1, 2.0.0b2, 2.0.0b3, 2.0.0b4, 2.0.0rc1, 2.0.0rc2, 2.0.0, 2.0.1, 2.0.2, 2.1.0rc1, 2.1.0, 2.1.1, 2.1.2, 2.2.0rc1, 2.2.0, 2.2.2, 2.2.3, 2.2.4, 2.2.5, 3.0.0rc2, 3.0.0, 3.0.1, 3.0.2, 3.0.3, 3.1.0rc1, 3.1.0rc2, 3.1.0, 3.1.1, 3.1.2, 3.1.3, 3.2.0rc1, 3.2.0rc3, 3.2.0, 3.2.1, 3.2.2, 3.3.0rc1, 3.3.0, 3.3.1, 3.3.2, 3.3.3, 3.3.4, 3.4.0rc1, 3.4.0rc2, 3.4.0rc3, 3.4.0, 3.4.1, 3.4.2, 3.4.3, 3.5.0b1, 3.5.0rc1, 3.5.0, 3.5.1, 3.5.2, 3.5.3)
ERROR: No matching distribution found for matplotlib==3.7.1


Installing package nibabel==5.1.0

Collecting nibabel==5.1.0
  ERROR: Could not find a version that satisfies the requirement nibabel==5.1.0 (from versions: 1.0.0, 1.0.1, 1.0.2, 1.1.0, 1.2.0, 1.2.1, 1.2.2, 1.3.0, 2.0.0, 2.0.1, 2.0.2, 2.1.0, 2.2.0, 2.2.1, 2.3.0, 2.3.1, 2.3.2, 2.3.3, 2.4.0, 2.4.1, 2.5.0, 2.5.1, 2.5.2, 3.0.0rc1, 3.0.0rc2, 3.0.0, 3.0.1, 3.0.2, 3.1.0, 3.1.1, 3.2.0, 3.2.1, 3.2.2, 4.0.0rc0, 4.0.0, 4.0.1, 4.0.2)
ERROR: No matching distribution found for nibabel==5.1.0


Installing package nilearn==0.10.0

Collecting nilearn==0.10.0
  Using cached https://files.pythonhosted.org/packages/2c/39/ff1a661c569f01dee8a9c8a1a5887655dbaf28d14dd28e62b0d03b47baf8/nilearn-0.10.0-py3-none-any.whl
Collecting requests>=2.25.0 (from nilearn==0.10.0)
  Using cached https://files.pythonhosted.org/packages/d2/f4/274d1dbe96b41cf4e0efb70cbced278ffd61b5c7bb70338b62af94ccb25b/requests-2.28.2-py3-none-any.whl
Collecting joblib>=1.0.0 (from nilearn==0.10.0)
  Using cached https://files.pythonhosted.org/packages/91/d4/3b4c8e5a30604df4c7518c562d4bf0502f2fa29221459226e140cf846512/joblib-1.2.0-py3-none-any.whl
Collecting numpy>=1.19.0 (from nilearn==0.10.0)
  Using cached https://files.pythonhosted.org/packages/6d/ad/ff3b21ebfe79a4d25b4a4f8e5cf9fd44a204adb6b33c09010f566f51027a/numpy-1.21.6-cp37-cp37m-manylinux_2_12_x86_64.manylinux2010_x86_64.whl
Collecting pandas>=1.1.5 (from nilearn==0.10.0)
  Downloading https://files.pythonhosted.org/packages/99/f0/f99700ef327e51d291efdf4a6de29e685c4d198cbf8531541fc84d169e0e/pandas-1.3.5.tar.gz (4.7MB)
  Installing build dependencies: started
  Installing build dependencies: finished with status 'done'
  Getting requirements to build wheel: started
  Getting requirements to build wheel: still running...
  Getting requirements to build wheel: finished with status 'done'
    Preparing wheel metadata: started
    Preparing wheel metadata: finished with status 'done'
Collecting scipy>=1.6.0 (from nilearn==0.10.0)
  Using cached https://files.pythonhosted.org/packages/58/4f/11f34cfc57ead25752a7992b069c36f5d18421958ebd6466ecd849aeaf86/scipy-1.7.3-cp37-cp37m-manylinux_2_12_x86_64.manylinux2010_x86_64.whl
Collecting lxml (from nilearn==0.10.0)
  Downloading https://files.pythonhosted.org/packages/4b/24/300d0fd5130cf55e5bbab2c53d339728370cb4ac12ca80a4f421c2e228eb/lxml-4.9.2-cp37-cp37m-manylinux_2_5_x86_64.manylinux1_x86_64.whl (5.8MB)
Collecting nibabel>=3.2.0 (from nilearn==0.10.0)
  Using cached https://files.pythonhosted.org/packages/89/51/c97641cc2cd1b3b14cdec54b4e86fe03fc59753ecd13dc67544716fb7353/nibabel-4.0.2-py3-none-any.whl
Collecting scikit-learn>=1.0.0 (from nilearn==0.10.0)
  Downloading https://files.pythonhosted.org/packages/6d/09/75d4dccea54627920db3cfeb5183ba9f0be2c9b18c4ad00ca6621d009d4f/scikit_learn-1.0.2-cp37-cp37m-manylinux_2_12_x86_64.manylinux2010_x86_64.whl (23.0MB)
Requirement already satisfied: idna<4,>=2.5 in /opt/itu/easybuild/software/Python/3.7.4-GCCcore-8.3.0/lib/python3.7/site-packages (from requests>=2.25.0->nilearn==0.10.0) (2.8)
Requirement already satisfied: certifi>=2017.4.17 in /opt/itu/easybuild/software/Python/3.7.4-GCCcore-8.3.0/lib/python3.7/site-packages (from requests>=2.25.0->nilearn==0.10.0) (2019.9.11)
Requirement already satisfied: urllib3<1.27,>=1.21.1 in /opt/itu/easybuild/software/Python/3.7.4-GCCcore-8.3.0/lib/python3.7/site-packages (from requests>=2.25.0->nilearn==0.10.0) (1.25.3)
Collecting charset-normalizer<4,>=2 (from requests>=2.25.0->nilearn==0.10.0)
  Downloading https://files.pythonhosted.org/packages/ef/81/14b3b8f01ddaddad6cdec97f2f599aa2fa466bd5ee9af99b08b7713ccd29/charset_normalizer-3.1.0-py3-none-any.whl (46kB)
Requirement already satisfied: pytz>=2017.3 in /opt/itu/easybuild/software/Python/3.7.4-GCCcore-8.3.0/lib/python3.7/site-packages (from pandas>=1.1.5->nilearn==0.10.0) (2019.2)
Requirement already satisfied: python-dateutil>=2.7.3 in /opt/itu/easybuild/software/Python/3.7.4-GCCcore-8.3.0/lib/python3.7/site-packages (from pandas>=1.1.5->nilearn==0.10.0) (2.8.0)
Requirement already satisfied: setuptools in /opt/itu/easybuild/software/Python/3.7.4-GCCcore-8.3.0/lib/python3.7/site-packages (from nibabel>=3.2.0->nilearn==0.10.0) (41.2.0)
Requirement already satisfied: packaging>=17.0 in /opt/itu/easybuild/software/Python/3.7.4-GCCcore-8.3.0/lib/python3.7/site-packages (from nibabel>=3.2.0->nilearn==0.10.0) (19.1)
Collecting threadpoolctl>=2.0.0 (from scikit-learn>=1.0.0->nilearn==0.10.0)
  Using cached https://files.pythonhosted.org/packages/61/cf/6e354304bcb9c6413c4e02a747b600061c21d38ba51e7e544ac7bc66aecc/threadpoolctl-3.1.0-py3-none-any.whl
Requirement already satisfied: six>=1.5 in /opt/itu/easybuild/software/Python/3.7.4-GCCcore-8.3.0/lib/python3.7/site-packages (from python-dateutil>=2.7.3->pandas>=1.1.5->nilearn==0.10.0) (1.12.0)
Requirement already satisfied: attrs in /opt/itu/easybuild/software/Python/3.7.4-GCCcore-8.3.0/lib/python3.7/site-packages (from packaging>=17.0->nibabel>=3.2.0->nilearn==0.10.0) (19.1.0)
Requirement already satisfied: pyparsing>=2.0.2 in /opt/itu/easybuild/software/Python/3.7.4-GCCcore-8.3.0/lib/python3.7/site-packages (from packaging>=17.0->nibabel>=3.2.0->nilearn==0.10.0) (2.4.2)
Building wheels for collected packages: pandas
  Building wheel for pandas (PEP 517): started
slurmstepd: error: *** JOB 125684 ON desktop7 CANCELLED AT 2023-04-23T11:25:56 ***
