created virtual environment CPython3.8.6.final.0-64 in 40595ms
  creator CPython3Posix(dest=/home/data_shares/group_jet/KDS_AdvancedMachineLearning_project/hpc/venv, clear=False, global=False)
  seeder FromAppData(download=False, pip=bundle, setuptools=bundle, wheel=bundle, via=copy, app_data_dir=/home/thcl/.local/share/virtualenv)
    added seed packages: pip==23.0.1, setuptools==50.3.0, wheel==0.40.0
  activators BashActivator,CShellActivator,FishActivator,PowerShellActivator,PythonActivator,XonshActivator


Installing package keras==2.12.0

Collecting keras==2.12.0
  Using cached keras-2.12.0-py2.py3-none-any.whl (1.7 MB)
Installing collected packages: keras
Successfully installed keras-2.12.0

[notice] A new release of pip is available: 23.0.1 -> 23.1.1
[notice] To update, run: pip install --upgrade pip


Installing package matplotlib==3.7.1

Collecting matplotlib==3.7.1
  Using cached matplotlib-3.7.1-cp38-cp38-manylinux_2_12_x86_64.manylinux2010_x86_64.whl (9.2 MB)
Collecting cycler>=0.10
  Using cached cycler-0.11.0-py3-none-any.whl (6.4 kB)
Collecting python-dateutil>=2.7
  Using cached python_dateutil-2.8.2-py2.py3-none-any.whl (247 kB)
Collecting packaging>=20.0
  Using cached packaging-23.1-py3-none-any.whl (48 kB)
Collecting numpy>=1.20
  Using cached numpy-1.24.2-cp38-cp38-manylinux_2_17_x86_64.manylinux2014_x86_64.whl (17.3 MB)
Collecting pillow>=6.2.0
  Using cached Pillow-9.5.0-cp38-cp38-manylinux_2_17_x86_64.manylinux2014_x86_64.whl (3.3 MB)
Collecting importlib-resources>=3.2.0
  Using cached importlib_resources-5.12.0-py3-none-any.whl (36 kB)
Collecting contourpy>=1.0.1
  Using cached contourpy-1.0.7-cp38-cp38-manylinux_2_17_x86_64.manylinux2014_x86_64.whl (300 kB)
Collecting kiwisolver>=1.0.1
  Using cached kiwisolver-1.4.4-cp38-cp38-manylinux_2_5_x86_64.manylinux1_x86_64.whl (1.2 MB)
Collecting fonttools>=4.22.0
  Using cached fonttools-4.39.3-py3-none-any.whl (1.0 MB)
Collecting pyparsing>=2.3.1
  Using cached pyparsing-3.0.9-py3-none-any.whl (98 kB)
Collecting zipp>=3.1.0
  Using cached zipp-3.15.0-py3-none-any.whl (6.8 kB)
Collecting six>=1.5
  Using cached six-1.16.0-py2.py3-none-any.whl (11 kB)
Installing collected packages: zipp, six, pyparsing, pillow, packaging, numpy, kiwisolver, fonttools, cycler, python-dateutil, importlib-resources, contourpy, matplotlib
Successfully installed contourpy-1.0.7 cycler-0.11.0 fonttools-4.39.3 importlib-resources-5.12.0 kiwisolver-1.4.4 matplotlib-3.7.1 numpy-1.24.2 packaging-23.1 pillow-9.5.0 pyparsing-3.0.9 python-dateutil-2.8.2 six-1.16.0 zipp-3.15.0

[notice] A new release of pip is available: 23.0.1 -> 23.1.1
[notice] To update, run: pip install --upgrade pip


Installing package nibabel==5.1.0

Collecting nibabel==5.1.0
  Using cached nibabel-5.1.0-py3-none-any.whl (3.3 MB)
Requirement already satisfied: importlib-resources>=1.3 in ./venv/lib/python3.8/site-packages (from nibabel==5.1.0) (5.12.0)
Requirement already satisfied: packaging>=17 in ./venv/lib/python3.8/site-packages (from nibabel==5.1.0) (23.1)
Requirement already satisfied: numpy>=1.19 in ./venv/lib/python3.8/site-packages (from nibabel==5.1.0) (1.24.2)
Requirement already satisfied: zipp>=3.1.0 in ./venv/lib/python3.8/site-packages (from importlib-resources>=1.3->nibabel==5.1.0) (3.15.0)
Installing collected packages: nibabel
Successfully installed nibabel-5.1.0

[notice] A new release of pip is available: 23.0.1 -> 23.1.1
[notice] To update, run: pip install --upgrade pip


Installing package nilearn==0.10.0

Collecting nilearn==0.10.0
  Using cached nilearn-0.10.0-py3-none-any.whl (9.6 MB)
Collecting scikit-learn>=1.0.0
  Using cached scikit_learn-1.2.2-cp38-cp38-manylinux_2_17_x86_64.manylinux2014_x86_64.whl (9.8 MB)
Collecting pandas>=1.1.5
  Using cached pandas-2.0.0-cp38-cp38-manylinux_2_17_x86_64.manylinux2014_x86_64.whl (12.3 MB)
Collecting lxml
  Using cached lxml-4.9.2-cp38-cp38-manylinux_2_17_x86_64.manylinux2014_x86_64.manylinux_2_24_x86_64.whl (7.1 MB)
Requirement already satisfied: nibabel>=3.2.0 in ./venv/lib/python3.8/site-packages (from nilearn==0.10.0) (5.1.0)
Requirement already satisfied: numpy>=1.19.0 in ./venv/lib/python3.8/site-packages (from nilearn==0.10.0) (1.24.2)
Collecting scipy>=1.6.0
  Using cached scipy-1.10.1-cp38-cp38-manylinux_2_17_x86_64.manylinux2014_x86_64.whl (34.5 MB)
Collecting joblib>=1.0.0
  Using cached joblib-1.2.0-py3-none-any.whl (297 kB)
Collecting requests>=2.25.0
  Using cached requests-2.28.2-py3-none-any.whl (62 kB)
Requirement already satisfied: importlib-resources>=1.3 in ./venv/lib/python3.8/site-packages (from nibabel>=3.2.0->nilearn==0.10.0) (5.12.0)
Requirement already satisfied: packaging>=17 in ./venv/lib/python3.8/site-packages (from nibabel>=3.2.0->nilearn==0.10.0) (23.1)
Requirement already satisfied: python-dateutil>=2.8.2 in ./venv/lib/python3.8/site-packages (from pandas>=1.1.5->nilearn==0.10.0) (2.8.2)
Collecting tzdata>=2022.1
  Using cached tzdata-2023.3-py2.py3-none-any.whl (341 kB)
Collecting pytz>=2020.1
  Using cached pytz-2023.3-py2.py3-none-any.whl (502 kB)
Collecting urllib3<1.27,>=1.21.1
  Using cached urllib3-1.26.15-py2.py3-none-any.whl (140 kB)
Collecting certifi>=2017.4.17
  Using cached certifi-2022.12.7-py3-none-any.whl (155 kB)
Collecting idna<4,>=2.5
  Using cached idna-3.4-py3-none-any.whl (61 kB)
Collecting charset-normalizer<4,>=2
  Using cached charset_normalizer-3.1.0-cp38-cp38-manylinux_2_17_x86_64.manylinux2014_x86_64.whl (195 kB)
Collecting threadpoolctl>=2.0.0
  Using cached threadpoolctl-3.1.0-py3-none-any.whl (14 kB)
Requirement already satisfied: zipp>=3.1.0 in ./venv/lib/python3.8/site-packages (from importlib-resources>=1.3->nibabel>=3.2.0->nilearn==0.10.0) (3.15.0)
Requirement already satisfied: six>=1.5 in ./venv/lib/python3.8/site-packages (from python-dateutil>=2.8.2->pandas>=1.1.5->nilearn==0.10.0) (1.16.0)
Installing collected packages: pytz, urllib3, tzdata, threadpoolctl, scipy, lxml, joblib, idna, charset-normalizer, certifi, scikit-learn, requests, pandas, nilearn
slurmstepd: error: *** JOB 125549 ON desktop15 CANCELLED AT 2023-04-22T18:40:40 ***
