Already using interpreter /opt/itu/easybuild/software/Python/3.7.4-GCCcore-8.3.0/bin/python
Using base prefix '/opt/itu/easybuild/software/Python/3.7.4-GCCcore-8.3.0'
New python executable in /home/data_shares/group_jet/KDS_AdvancedMachineLearning_project/hpc/venv_noah/bin/python
Installing setuptools, pip, wheel...
done.


Installing package keras==2.10.0

Collecting keras==2.10.0
  Using cached keras-2.10.0-py2.py3-none-any.whl (1.7 MB)
Installing collected packages: keras
Successfully installed keras-2.10.0


Installing package tensorflow==2.10.0

Collecting tensorflow==2.10.0
  Downloading tensorflow-2.10.0-cp37-cp37m-manylinux_2_17_x86_64.manylinux2014_x86_64.whl (578.0 MB)
     ━━━━━━━━━━━━━━━━━━━━━━━━━━━━━━━━━━━━━━━ 578.0/578.0 MB 4.8 MB/s eta 0:00:00
Collecting absl-py>=1.0.0 (from tensorflow==2.10.0)
  Using cached absl_py-1.4.0-py3-none-any.whl (126 kB)
Collecting astunparse>=1.6.0 (from tensorflow==2.10.0)
  Using cached astunparse-1.6.3-py2.py3-none-any.whl (12 kB)
Collecting flatbuffers>=2.0 (from tensorflow==2.10.0)
  Using cached flatbuffers-23.3.3-py2.py3-none-any.whl (26 kB)
Collecting gast<=0.4.0,>=0.2.1 (from tensorflow==2.10.0)
  Using cached gast-0.4.0-py3-none-any.whl (9.8 kB)
Collecting google-pasta>=0.1.1 (from tensorflow==2.10.0)
  Using cached google_pasta-0.2.0-py3-none-any.whl (57 kB)
Collecting grpcio<2.0,>=1.24.3 (from tensorflow==2.10.0)
  Downloading grpcio-1.54.0-cp37-cp37m-manylinux_2_17_x86_64.manylinux2014_x86_64.whl (5.1 MB)
     ━━━━━━━━━━━━━━━━━━━━━━━━━━━━━━━━━━━━━━━━ 5.1/5.1 MB 16.2 MB/s eta 0:00:00
Collecting h5py>=2.9.0 (from tensorflow==2.10.0)
  Downloading h5py-3.8.0-cp37-cp37m-manylinux_2_17_x86_64.manylinux2014_x86_64.whl (4.3 MB)
     ━━━━━━━━━━━━━━━━━━━━━━━━━━━━━━━━━━━━━━━━ 4.3/4.3 MB 31.5 MB/s eta 0:00:00
Requirement already satisfied: keras<2.11,>=2.10.0 in ./venv_noah/lib/python3.7/site-packages (from tensorflow==2.10.0) (2.10.0)
Collecting keras-preprocessing>=1.1.1 (from tensorflow==2.10.0)
  Using cached Keras_Preprocessing-1.1.2-py2.py3-none-any.whl (42 kB)
Collecting libclang>=13.0.0 (from tensorflow==2.10.0)
  Using cached libclang-16.0.0-py2.py3-none-manylinux2010_x86_64.whl (22.9 MB)
Collecting numpy>=1.20 (from tensorflow==2.10.0)
  Downloading numpy-1.21.6-cp37-cp37m-manylinux_2_12_x86_64.manylinux2010_x86_64.whl (15.7 MB)
     ━━━━━━━━━━━━━━━━━━━━━━━━━━━━━━━━━━━━━━━━ 15.7/15.7 MB 16.1 MB/s eta 0:00:00
Collecting opt-einsum>=2.3.2 (from tensorflow==2.10.0)
  Using cached opt_einsum-3.3.0-py3-none-any.whl (65 kB)
Collecting packaging (from tensorflow==2.10.0)
  Using cached packaging-23.1-py3-none-any.whl (48 kB)
Collecting protobuf<3.20,>=3.9.2 (from tensorflow==2.10.0)
  Downloading protobuf-3.19.6-cp37-cp37m-manylinux_2_17_x86_64.manylinux2014_x86_64.whl (1.1 MB)
     ━━━━━━━━━━━━━━━━━━━━━━━━━━━━━━━━━━━━━━━━ 1.1/1.1 MB 4.3 MB/s eta 0:00:00
Requirement already satisfied: setuptools in ./venv_noah/lib/python3.7/site-packages (from tensorflow==2.10.0) (67.7.1)
Collecting six>=1.12.0 (from tensorflow==2.10.0)
  Using cached six-1.16.0-py2.py3-none-any.whl (11 kB)
Collecting tensorboard<2.11,>=2.10 (from tensorflow==2.10.0)
  Using cached tensorboard-2.10.1-py3-none-any.whl (5.9 MB)
Collecting tensorflow-io-gcs-filesystem>=0.23.1 (from tensorflow==2.10.0)
  Downloading tensorflow_io_gcs_filesystem-0.32.0-cp37-cp37m-manylinux_2_12_x86_64.manylinux2010_x86_64.whl (2.4 MB)
     ━━━━━━━━━━━━━━━━━━━━━━━━━━━━━━━━━━━━━━━━ 2.4/2.4 MB 10.2 MB/s eta 0:00:00
Collecting tensorflow-estimator<2.11,>=2.10.0 (from tensorflow==2.10.0)
  Using cached tensorflow_estimator-2.10.0-py2.py3-none-any.whl (438 kB)
Collecting termcolor>=1.1.0 (from tensorflow==2.10.0)
  Using cached termcolor-2.2.0-py3-none-any.whl (6.6 kB)
Collecting typing-extensions>=3.6.6 (from tensorflow==2.10.0)
  Using cached typing_extensions-4.5.0-py3-none-any.whl (27 kB)
Collecting wrapt>=1.11.0 (from tensorflow==2.10.0)
  Downloading wrapt-1.15.0-cp37-cp37m-manylinux_2_5_x86_64.manylinux1_x86_64.manylinux_2_17_x86_64.manylinux2014_x86_64.whl (75 kB)
     ━━━━━━━━━━━━━━━━━━━━━━━━━━━━━━━━━━━━━━━ 75.7/75.7 kB 325.8 kB/s eta 0:00:00
Requirement already satisfied: wheel<1.0,>=0.23.0 in ./venv_noah/lib/python3.7/site-packages (from astunparse>=1.6.0->tensorflow==2.10.0) (0.40.0)
Collecting google-auth<3,>=1.6.3 (from tensorboard<2.11,>=2.10->tensorflow==2.10.0)
  Using cached google_auth-2.17.3-py2.py3-none-any.whl (178 kB)
Collecting google-auth-oauthlib<0.5,>=0.4.1 (from tensorboard<2.11,>=2.10->tensorflow==2.10.0)
  Using cached google_auth_oauthlib-0.4.6-py2.py3-none-any.whl (18 kB)
Collecting markdown>=2.6.8 (from tensorboard<2.11,>=2.10->tensorflow==2.10.0)
  Using cached Markdown-3.4.3-py3-none-any.whl (93 kB)
Collecting requests<3,>=2.21.0 (from tensorboard<2.11,>=2.10->tensorflow==2.10.0)
  Using cached requests-2.28.2-py3-none-any.whl (62 kB)
Collecting tensorboard-data-server<0.7.0,>=0.6.0 (from tensorboard<2.11,>=2.10->tensorflow==2.10.0)
  Using cached tensorboard_data_server-0.6.1-py3-none-manylinux2010_x86_64.whl (4.9 MB)
Collecting tensorboard-plugin-wit>=1.6.0 (from tensorboard<2.11,>=2.10->tensorflow==2.10.0)
  Using cached tensorboard_plugin_wit-1.8.1-py3-none-any.whl (781 kB)
Collecting werkzeug>=1.0.1 (from tensorboard<2.11,>=2.10->tensorflow==2.10.0)
  Using cached Werkzeug-2.2.3-py3-none-any.whl (233 kB)
Collecting cachetools<6.0,>=2.0.0 (from google-auth<3,>=1.6.3->tensorboard<2.11,>=2.10->tensorflow==2.10.0)
  Using cached cachetools-5.3.0-py3-none-any.whl (9.3 kB)
Collecting pyasn1-modules>=0.2.1 (from google-auth<3,>=1.6.3->tensorboard<2.11,>=2.10->tensorflow==2.10.0)
  Using cached pyasn1_modules-0.3.0-py2.py3-none-any.whl (181 kB)
Collecting rsa<5,>=3.1.4 (from google-auth<3,>=1.6.3->tensorboard<2.11,>=2.10->tensorflow==2.10.0)
  Using cached rsa-4.9-py3-none-any.whl (34 kB)
Collecting requests-oauthlib>=0.7.0 (from google-auth-oauthlib<0.5,>=0.4.1->tensorboard<2.11,>=2.10->tensorflow==2.10.0)
  Using cached requests_oauthlib-1.3.1-py2.py3-none-any.whl (23 kB)
Collecting importlib-metadata>=4.4 (from markdown>=2.6.8->tensorboard<2.11,>=2.10->tensorflow==2.10.0)
  Using cached importlib_metadata-6.6.0-py3-none-any.whl (22 kB)
Collecting charset-normalizer<4,>=2 (from requests<3,>=2.21.0->tensorboard<2.11,>=2.10->tensorflow==2.10.0)
  Downloading charset_normalizer-3.1.0-cp37-cp37m-manylinux_2_17_x86_64.manylinux2014_x86_64.whl (171 kB)
     ━━━━━━━━━━━━━━━━━━━━━━━━━━━━━━━━━━━━━ 171.0/171.0 kB 928.8 kB/s eta 0:00:00
Collecting idna<4,>=2.5 (from requests<3,>=2.21.0->tensorboard<2.11,>=2.10->tensorflow==2.10.0)
  Using cached idna-3.4-py3-none-any.whl (61 kB)
Collecting urllib3<1.27,>=1.21.1 (from requests<3,>=2.21.0->tensorboard<2.11,>=2.10->tensorflow==2.10.0)
  Using cached urllib3-1.26.15-py2.py3-none-any.whl (140 kB)
Collecting certifi>=2017.4.17 (from requests<3,>=2.21.0->tensorboard<2.11,>=2.10->tensorflow==2.10.0)
  Using cached certifi-2022.12.7-py3-none-any.whl (155 kB)
Collecting MarkupSafe>=2.1.1 (from werkzeug>=1.0.1->tensorboard<2.11,>=2.10->tensorflow==2.10.0)
  Downloading MarkupSafe-2.1.2-cp37-cp37m-manylinux_2_17_x86_64.manylinux2014_x86_64.whl (25 kB)
Collecting zipp>=0.5 (from importlib-metadata>=4.4->markdown>=2.6.8->tensorboard<2.11,>=2.10->tensorflow==2.10.0)
  Using cached zipp-3.15.0-py3-none-any.whl (6.8 kB)
Collecting pyasn1<0.6.0,>=0.4.6 (from pyasn1-modules>=0.2.1->google-auth<3,>=1.6.3->tensorboard<2.11,>=2.10->tensorflow==2.10.0)
  Using cached pyasn1-0.5.0-py2.py3-none-any.whl (83 kB)
Collecting oauthlib>=3.0.0 (from requests-oauthlib>=0.7.0->google-auth-oauthlib<0.5,>=0.4.1->tensorboard<2.11,>=2.10->tensorflow==2.10.0)
  Using cached oauthlib-3.2.2-py3-none-any.whl (151 kB)
Installing collected packages: tensorboard-plugin-wit, libclang, flatbuffers, zipp, wrapt, urllib3, typing-extensions, termcolor, tensorflow-io-gcs-filesystem, tensorflow-estimator, tensorboard-data-server, six, pyasn1, protobuf, packaging, oauthlib, numpy, MarkupSafe, idna, grpcio, gast, charset-normalizer, certifi, cachetools, absl-py, werkzeug, rsa, requests, pyasn1-modules, opt-einsum, keras-preprocessing, importlib-metadata, h5py, google-pasta, astunparse, requests-oauthlib, markdown, google-auth, google-auth-oauthlib, tensorboard, tensorflow
Successfully installed MarkupSafe-2.1.2 absl-py-1.4.0 astunparse-1.6.3 cachetools-5.3.0 certifi-2022.12.7 charset-normalizer-3.1.0 flatbuffers-23.3.3 gast-0.4.0 google-auth-2.17.3 google-auth-oauthlib-0.4.6 google-pasta-0.2.0 grpcio-1.54.0 h5py-3.8.0 idna-3.4 importlib-metadata-6.6.0 keras-preprocessing-1.1.2 libclang-16.0.0 markdown-3.4.3 numpy-1.21.6 oauthlib-3.2.2 opt-einsum-3.3.0 packaging-23.1 protobuf-3.19.6 pyasn1-0.5.0 pyasn1-modules-0.3.0 requests-2.28.2 requests-oauthlib-1.3.1 rsa-4.9 six-1.16.0 tensorboard-2.10.1 tensorboard-data-server-0.6.1 tensorboard-plugin-wit-1.8.1 tensorflow-2.10.0 tensorflow-estimator-2.10.0 tensorflow-io-gcs-filesystem-0.32.0 termcolor-2.2.0 typing-extensions-4.5.0 urllib3-1.26.15 werkzeug-2.2.3 wrapt-1.15.0 zipp-3.15.0


Installing package matplotlib==3.7.1

ERROR: Ignored the following versions that require a different python version: 3.6.0 Requires-Python >=3.8; 3.6.0rc1 Requires-Python >=3.8; 3.6.0rc2 Requires-Python >=3.8; 3.6.1 Requires-Python >=3.8; 3.6.2 Requires-Python >=3.8; 3.6.3 Requires-Python >=3.8; 3.7.0 Requires-Python >=3.8; 3.7.0rc1 Requires-Python >=3.8; 3.7.1 Requires-Python >=3.8
ERROR: Could not find a version that satisfies the requirement matplotlib==3.7.1 (from versions: 0.86, 0.86.1, 0.86.2, 0.91.0, 0.91.1, 1.0.1, 1.1.0, 1.1.1, 1.2.0, 1.2.1, 1.3.0, 1.3.1, 1.4.0, 1.4.1rc1, 1.4.1, 1.4.2, 1.4.3, 1.5.0, 1.5.1, 1.5.2, 1.5.3, 2.0.0b1, 2.0.0b2, 2.0.0b3, 2.0.0b4, 2.0.0rc1, 2.0.0rc2, 2.0.0, 2.0.1, 2.0.2, 2.1.0rc1, 2.1.0, 2.1.1, 2.1.2, 2.2.0rc1, 2.2.0, 2.2.2, 2.2.3, 2.2.4, 2.2.5, 3.0.0rc2, 3.0.0, 3.0.1, 3.0.2, 3.0.3, 3.1.0rc1, 3.1.0rc2, 3.1.0, 3.1.1, 3.1.2, 3.1.3, 3.2.0rc1, 3.2.0rc3, 3.2.0, 3.2.1, 3.2.2, 3.3.0rc1, 3.3.0, 3.3.1, 3.3.2, 3.3.3, 3.3.4, 3.4.0rc1, 3.4.0rc2, 3.4.0rc3, 3.4.0, 3.4.1, 3.4.2, 3.4.3, 3.5.0b1, 3.5.0rc1, 3.5.0, 3.5.1, 3.5.2, 3.5.3)
ERROR: No matching distribution found for matplotlib==3.7.1


Installing package nibabel==5.1.0

ERROR: Ignored the following versions that require a different python version: 5.0.0 Requires-Python >=3.8; 5.0.1 Requires-Python >=3.8; 5.1.0 Requires-Python >=3.8
ERROR: Could not find a version that satisfies the requirement nibabel==5.1.0 (from versions: 1.0.0, 1.0.1, 1.0.2, 1.1.0, 1.2.0, 1.2.1, 1.2.2, 1.3.0, 2.0.0, 2.0.1, 2.0.2, 2.1.0, 2.2.0, 2.2.1, 2.3.0, 2.3.1, 2.3.2, 2.3.3, 2.4.0, 2.4.1, 2.5.0, 2.5.1, 2.5.2, 3.0.0rc1, 3.0.0rc2, 3.0.0, 3.0.1, 3.0.2, 3.1.0, 3.1.1, 3.2.0, 3.2.1, 3.2.2, 4.0.0rc0, 4.0.0, 4.0.1, 4.0.2)
ERROR: No matching distribution found for nibabel==5.1.0


Installing package nilearn==0.10.0

Collecting nilearn==0.10.0
  Using cached nilearn-0.10.0-py3-none-any.whl (9.6 MB)
Collecting joblib>=1.0.0 (from nilearn==0.10.0)
  Using cached joblib-1.2.0-py3-none-any.whl (297 kB)
Collecting lxml (from nilearn==0.10.0)
  Downloading lxml-4.9.2-cp37-cp37m-manylinux_2_17_x86_64.manylinux2014_x86_64.manylinux_2_24_x86_64.whl (6.6 MB)
     ━━━━━━━━━━━━━━━━━━━━━━━━━━━━━━━━━━━━━━━━ 6.6/6.6 MB 17.2 MB/s eta 0:00:00
Collecting nibabel>=3.2.0 (from nilearn==0.10.0)
  Downloading nibabel-4.0.2-py3-none-any.whl (3.3 MB)
     ━━━━━━━━━━━━━━━━━━━━━━━━━━━━━━━━━━━━━━━━ 3.3/3.3 MB 7.0 MB/s eta 0:00:00
Requirement already satisfied: numpy>=1.19.0 in ./venv_noah/lib/python3.7/site-packages (from nilearn==0.10.0) (1.21.6)
Collecting pandas>=1.1.5 (from nilearn==0.10.0)
  Downloading pandas-1.3.5-cp37-cp37m-manylinux_2_17_x86_64.manylinux2014_x86_64.whl (11.3 MB)
     ━━━━━━━━━━━━━━━━━━━━━━━━━━━━━━━━━━━━━━━━ 11.3/11.3 MB 28.7 MB/s eta 0:00:00
Requirement already satisfied: requests>=2.25.0 in ./venv_noah/lib/python3.7/site-packages (from nilearn==0.10.0) (2.28.2)
Collecting scikit-learn>=1.0.0 (from nilearn==0.10.0)
  Downloading scikit_learn-1.0.2-cp37-cp37m-manylinux_2_17_x86_64.manylinux2014_x86_64.whl (24.8 MB)
     ━━━━━━━━━━━━━━━━━━━━━━━━━━━━━━━━━━━━━━━━ 24.8/24.8 MB 27.8 MB/s eta 0:00:00
Collecting scipy>=1.6.0 (from nilearn==0.10.0)
  Downloading scipy-1.7.3-cp37-cp37m-manylinux_2_12_x86_64.manylinux2010_x86_64.whl (38.1 MB)
     ━━━━━━━━━━━━━━━━━━━━━━━━━━━━━━━━━━━━━━━━ 38.1/38.1 MB 24.3 MB/s eta 0:00:00
Requirement already satisfied: packaging>=17.0 in ./venv_noah/lib/python3.7/site-packages (from nibabel>=3.2.0->nilearn==0.10.0) (23.1)
Requirement already satisfied: setuptools in ./venv_noah/lib/python3.7/site-packages (from nibabel>=3.2.0->nilearn==0.10.0) (67.7.1)
Collecting python-dateutil>=2.7.3 (from pandas>=1.1.5->nilearn==0.10.0)
  Using cached python_dateutil-2.8.2-py2.py3-none-any.whl (247 kB)
Collecting pytz>=2017.3 (from pandas>=1.1.5->nilearn==0.10.0)
  Using cached pytz-2023.3-py2.py3-none-any.whl (502 kB)
Requirement already satisfied: charset-normalizer<4,>=2 in ./venv_noah/lib/python3.7/site-packages (from requests>=2.25.0->nilearn==0.10.0) (3.1.0)
Requirement already satisfied: idna<4,>=2.5 in ./venv_noah/lib/python3.7/site-packages (from requests>=2.25.0->nilearn==0.10.0) (3.4)
Requirement already satisfied: urllib3<1.27,>=1.21.1 in ./venv_noah/lib/python3.7/site-packages (from requests>=2.25.0->nilearn==0.10.0) (1.26.15)
Requirement already satisfied: certifi>=2017.4.17 in ./venv_noah/lib/python3.7/site-packages (from requests>=2.25.0->nilearn==0.10.0) (2022.12.7)
Collecting threadpoolctl>=2.0.0 (from scikit-learn>=1.0.0->nilearn==0.10.0)
  Using cached threadpoolctl-3.1.0-py3-none-any.whl (14 kB)
Requirement already satisfied: six>=1.5 in ./venv_noah/lib/python3.7/site-packages (from python-dateutil>=2.7.3->pandas>=1.1.5->nilearn==0.10.0) (1.16.0)
Installing collected packages: pytz, threadpoolctl, scipy, python-dateutil, nibabel, lxml, joblib, scikit-learn, pandas, nilearn
Successfully installed joblib-1.2.0 lxml-4.9.2 nibabel-4.0.2 nilearn-0.10.0 pandas-1.3.5 python-dateutil-2.8.2 pytz-2023.3 scikit-learn-1.0.2 scipy-1.7.3 threadpoolctl-3.1.0


Installing package numpy==1.24.2

ERROR: Ignored the following versions that require a different python version: 1.22.0 Requires-Python >=3.8; 1.22.1 Requires-Python >=3.8; 1.22.2 Requires-Python >=3.8; 1.22.3 Requires-Python >=3.8; 1.22.4 Requires-Python >=3.8; 1.23.0 Requires-Python >=3.8; 1.23.0rc1 Requires-Python >=3.8; 1.23.0rc2 Requires-Python >=3.8; 1.23.0rc3 Requires-Python >=3.8; 1.23.1 Requires-Python >=3.8; 1.23.2 Requires-Python >=3.8; 1.23.3 Requires-Python >=3.8; 1.23.4 Requires-Python >=3.8; 1.23.5 Requires-Python >=3.8; 1.24.0 Requires-Python >=3.8; 1.24.0rc1 Requires-Python >=3.8; 1.24.0rc2 Requires-Python >=3.8; 1.24.1 Requires-Python >=3.8; 1.24.2 Requires-Python >=3.8; 1.24.3 Requires-Python >=3.8
ERROR: Could not find a version that satisfies the requirement numpy==1.24.2 (from versions: 1.3.0, 1.4.1, 1.5.0, 1.5.1, 1.6.0, 1.6.1, 1.6.2, 1.7.0, 1.7.1, 1.7.2, 1.8.0, 1.8.1, 1.8.2, 1.9.0, 1.9.1, 1.9.2, 1.9.3, 1.10.0.post2, 1.10.1, 1.10.2, 1.10.4, 1.11.0, 1.11.1, 1.11.2, 1.11.3, 1.12.0, 1.12.1, 1.13.0, 1.13.1, 1.13.3, 1.14.0, 1.14.1, 1.14.2, 1.14.3, 1.14.4, 1.14.5, 1.14.6, 1.15.0, 1.15.1, 1.15.2, 1.15.3, 1.15.4, 1.16.0, 1.16.1, 1.16.2, 1.16.3, 1.16.4, 1.16.5, 1.16.6, 1.17.0, 1.17.1, 1.17.2, 1.17.3, 1.17.4, 1.17.5, 1.18.0, 1.18.1, 1.18.2, 1.18.3, 1.18.4, 1.18.5, 1.19.0, 1.19.1, 1.19.2, 1.19.3, 1.19.4, 1.19.5, 1.20.0, 1.20.1, 1.20.2, 1.20.3, 1.21.0, 1.21.1, 1.21.2, 1.21.3, 1.21.4, 1.21.5, 1.21.6)
ERROR: No matching distribution found for numpy==1.24.2


Installing package pandas==1.5.3

ERROR: Ignored the following versions that require a different python version: 1.4.0 Requires-Python >=3.8; 1.4.0rc0 Requires-Python >=3.8; 1.4.1 Requires-Python >=3.8; 1.4.2 Requires-Python >=3.8; 1.4.3 Requires-Python >=3.8; 1.4.4 Requires-Python >=3.8; 1.5.0 Requires-Python >=3.8; 1.5.0rc0 Requires-Python >=3.8; 1.5.1 Requires-Python >=3.8; 1.5.2 Requires-Python >=3.8; 1.5.3 Requires-Python >=3.8; 2.0.0 Requires-Python >=3.8; 2.0.0rc0 Requires-Python >=3.8; 2.0.0rc1 Requires-Python >=3.8
ERROR: Could not find a version that satisfies the requirement pandas==1.5.3 (from versions: 0.1, 0.2, 0.3.0, 0.4.0, 0.4.1, 0.4.2, 0.4.3, 0.5.0, 0.6.0, 0.6.1, 0.7.0, 0.7.1, 0.7.2, 0.7.3, 0.8.0, 0.8.1, 0.9.0, 0.9.1, 0.10.0, 0.10.1, 0.11.0, 0.12.0, 0.13.0, 0.13.1, 0.14.0, 0.14.1, 0.15.0, 0.15.1, 0.15.2, 0.16.0, 0.16.1, 0.16.2, 0.17.0, 0.17.1, 0.18.0, 0.18.1, 0.19.0, 0.19.1, 0.19.2, 0.20.0, 0.20.1, 0.20.2, 0.20.3, 0.21.0, 0.21.1, 0.22.0, 0.23.0, 0.23.1, 0.23.2, 0.23.3, 0.23.4, 0.24.0, 0.24.1, 0.24.2, 0.25.0, 0.25.1, 0.25.2, 0.25.3, 1.0.0, 1.0.1, 1.0.2, 1.0.3, 1.0.4, 1.0.5, 1.1.0, 1.1.1, 1.1.2, 1.1.3, 1.1.4, 1.1.5, 1.2.0, 1.2.1, 1.2.2, 1.2.3, 1.2.4, 1.2.5, 1.3.0, 1.3.1, 1.3.2, 1.3.3, 1.3.4, 1.3.5)
ERROR: No matching distribution found for pandas==1.5.3


Installing package Pillow==9.5.0

Collecting Pillow==9.5.0
  Downloading Pillow-9.5.0-cp37-cp37m-manylinux_2_17_x86_64.manylinux2014_x86_64.whl (3.3 MB)
     ━━━━━━━━━━━━━━━━━━━━━━━━━━━━━━━━━━━━━━━━ 3.3/3.3 MB 11.3 MB/s eta 0:00:00
Installing collected packages: Pillow
Successfully installed Pillow-9.5.0


Installing package scikit_learn==1.2.2

ERROR: Ignored the following versions that require a different python version: 1.1.0 Requires-Python >=3.8; 1.1.1 Requires-Python >=3.8; 1.1.2 Requires-Python >=3.8; 1.1.3 Requires-Python >=3.8; 1.2.0 Requires-Python >=3.8; 1.2.0rc1 Requires-Python >=3.8; 1.2.1 Requires-Python >=3.8; 1.2.2 Requires-Python >=3.8
ERROR: Could not find a version that satisfies the requirement scikit_learn==1.2.2 (from versions: 0.9, 0.10, 0.11, 0.12, 0.12.1, 0.13, 0.13.1, 0.14, 0.14.1, 0.15.0, 0.15.1, 0.15.2, 0.16.0, 0.16.1, 0.17, 0.17.1, 0.18, 0.18.1, 0.18.2, 0.19.0, 0.19.1, 0.19.2, 0.20.0, 0.20.1, 0.20.2, 0.20.3, 0.20.4, 0.21.0, 0.21.1, 0.21.2, 0.21.3, 0.22, 0.22.1, 0.22.2, 0.22.2.post1, 0.23.0, 0.23.1, 0.23.2, 0.24.0, 0.24.1, 0.24.2, 1.0, 1.0.1, 1.0.2)
ERROR: No matching distribution found for scikit_learn==1.2.2


Installing package tqdm==4.65.0

Collecting tqdm==4.65.0
  Using cached tqdm-4.65.0-py3-none-any.whl (77 kB)
Installing collected packages: tqdm
Successfully installed tqdm-4.65.0
